<testsuites id="" name="" tests="62" failures="0" skipped="0" errors="0" time="106.392493">
<testsuite name="specs\lambdatest\checkboxDemo.spec.ts" timestamp="2025-12-10T14:56:07.410Z" hostname="edge" tests="3" failures="0" skipped="0" time="13.008" errors="0">
<testcase name="Lambdatest Checkbox Demo › Single checkbox displays the correct message" classname="specs\lambdatest\checkboxDemo.spec.ts" time="7.779">
</testcase>
<testcase name="Lambdatest Checkbox Demo › Disabled checkbox demo behaves correctly" classname="specs\lambdatest\checkboxDemo.spec.ts" time="2.357">
</testcase>
<testcase name="Lambdatest Checkbox Demo › Check All toggles all multiple checkbox options" classname="specs\lambdatest\checkboxDemo.spec.ts" time="2.872">
</testcase>
</testsuite>
<testsuite name="specs\lambdatest\inputFormDemo.errors.email.spec.ts" timestamp="2025-12-10T14:56:07.410Z" hostname="edge" tests="7" failures="0" skipped="0" time="30.422" errors="0">
<testcase name="LambdaTest – Input Form Demo – Native HTML5 email validation › Email &quot;test&quot; is invalid" classname="specs\lambdatest\inputFormDemo.errors.email.spec.ts" time="9.081">
</testcase>
<testcase name="LambdaTest – Input Form Demo – Native HTML5 email validation › Email &quot;test@&quot; is invalid" classname="specs\lambdatest\inputFormDemo.errors.email.spec.ts" time="3.691">
</testcase>
<testcase name="LambdaTest – Input Form Demo – Native HTML5 email validation › Email &quot;john@.com&quot; is invalid" classname="specs\lambdatest\inputFormDemo.errors.email.spec.ts" time="3.431">
</testcase>
<testcase name="LambdaTest – Input Form Demo – Native HTML5 email validation › Email &quot;@domain.com&quot; is invalid" classname="specs\lambdatest\inputFormDemo.errors.email.spec.ts" time="3.432">
</testcase>
<testcase name="LambdaTest – Input Form Demo – Native HTML5 email validation › Email &quot;john@@example.com&quot; is invalid" classname="specs\lambdatest\inputFormDemo.errors.email.spec.ts" time="4.406">
</testcase>
<testcase name="LambdaTest – Input Form Demo – Native HTML5 email validation › Email &quot;john@domain..com&quot; is invalid" classname="specs\lambdatest\inputFormDemo.errors.email.spec.ts" time="3.489">
</testcase>
<testcase name="LambdaTest – Input Form Demo – Native HTML5 email validation › Valid email passes HTML5 validation" classname="specs\lambdatest\inputFormDemo.errors.email.spec.ts" time="2.892">
</testcase>
</testsuite>
<testsuite name="specs\lambdatest\inputFormDemo.errors.order.spec.ts" timestamp="2025-12-10T14:56:07.410Z" hostname="edge" tests="4" failures="0" skipped="0" time="11.483" errors="0">
<testcase name="LambdaTest – Input Form Demo – Required fields order validation › Empty submit shows error on first required field (Name)" classname="specs\lambdatest\inputFormDemo.errors.order.spec.ts" time="2.928">
</testcase>
<testcase name="LambdaTest – Input Form Demo – Required fields order validation › Correcting Name moves error to Email" classname="specs\lambdatest\inputFormDemo.errors.order.spec.ts" time="2.932">
</testcase>
<testcase name="LambdaTest – Input Form Demo – Required fields order validation › Correcting Name + Email moves error to Password" classname="specs\lambdatest\inputFormDemo.errors.order.spec.ts" time="3.109">
</testcase>
<testcase name="LambdaTest – Input Form Demo – Required fields order validation › Fixing an invalid field makes it valid on next submit" classname="specs\lambdatest\inputFormDemo.errors.order.spec.ts" time="2.514">
</testcase>
</testsuite>
<testsuite name="specs\lambdatest\inputFormDemo.requiredFields.spec.ts" timestamp="2025-12-10T14:56:07.410Z" hostname="edge" tests="10" failures="0" skipped="0" time="26.161" errors="0">
<testcase name="LambdaTest – Input Form Demo – Required fields › Name is required" classname="specs\lambdatest\inputFormDemo.requiredFields.spec.ts" time="3.048">
</testcase>
<testcase name="LambdaTest – Input Form Demo – Required fields › Email is required" classname="specs\lambdatest\inputFormDemo.requiredFields.spec.ts" time="2.273">
</testcase>
<testcase name="LambdaTest – Input Form Demo – Required fields › Password is required" classname="specs\lambdatest\inputFormDemo.requiredFields.spec.ts" time="1.586">
</testcase>
<testcase name="LambdaTest – Input Form Demo – Required fields › Company is required" classname="specs\lambdatest\inputFormDemo.requiredFields.spec.ts" time="3">
</testcase>
<testcase name="LambdaTest – Input Form Demo – Required fields › Website is required" classname="specs\lambdatest\inputFormDemo.requiredFields.spec.ts" time="2.978">
</testcase>
<testcase name="LambdaTest – Input Form Demo – Required fields › City is required" classname="specs\lambdatest\inputFormDemo.requiredFields.spec.ts" time="2.739">
</testcase>
<testcase name="LambdaTest – Input Form Demo – Required fields › Address1 is required" classname="specs\lambdatest\inputFormDemo.requiredFields.spec.ts" time="3.15">
</testcase>
<testcase name="LambdaTest – Input Form Demo – Required fields › Address2 is required" classname="specs\lambdatest\inputFormDemo.requiredFields.spec.ts" time="2.908">
</testcase>
<testcase name="LambdaTest – Input Form Demo – Required fields › State is required" classname="specs\lambdatest\inputFormDemo.requiredFields.spec.ts" time="1.906">
</testcase>
<testcase name="LambdaTest – Input Form Demo – Required fields › Zip is required" classname="specs\lambdatest\inputFormDemo.requiredFields.spec.ts" time="2.573">
</testcase>
</testsuite>
<testsuite name="specs\lambdatest\inputFormDemo.rules.spec.ts" timestamp="2025-12-10T14:56:07.410Z" hostname="edge" tests="10" failures="0" skipped="0" time="22.53" errors="0">
<testcase name="LambdaTest – Input Form Demo – Business rules › Name accepts any non-empty string" classname="specs\lambdatest\inputFormDemo.rules.spec.ts" time="1.663">
</testcase>
<testcase name="LambdaTest – Input Form Demo – Business rules › Email must follow HTML5 format rules" classname="specs\lambdatest\inputFormDemo.rules.spec.ts" time="3.062">
</testcase>
<testcase name="LambdaTest – Input Form Demo – Business rules › Password accepts any non-empty string" classname="specs\lambdatest\inputFormDemo.rules.spec.ts" time="2.418">
</testcase>
<testcase name="LambdaTest – Input Form Demo – Business rules › Company accepts any non-empty string" classname="specs\lambdatest\inputFormDemo.rules.spec.ts" time="2.648">
</testcase>
<testcase name="LambdaTest – Input Form Demo – Business rules › Website accepts any non-empty string" classname="specs\lambdatest\inputFormDemo.rules.spec.ts" time="1.125">
</testcase>
<testcase name="LambdaTest – Input Form Demo – Business rules › Country is optional and any selected value is valid" classname="specs\lambdatest\inputFormDemo.rules.spec.ts" time="2.189">
</testcase>
<testcase name="LambdaTest – Input Form Demo – Business rules › City accepts any non-empty string (required)" classname="specs\lambdatest\inputFormDemo.rules.spec.ts" time="2.715">
</testcase>
<testcase name="LambdaTest – Input Form Demo – Business rules › Address1 and Address2 accept any non-empty string (required)" classname="specs\lambdatest\inputFormDemo.rules.spec.ts" time="2.987">
</testcase>
<testcase name="LambdaTest – Input Form Demo – Business rules › State accepts any non-empty string (required)" classname="specs\lambdatest\inputFormDemo.rules.spec.ts" time="1.577">
</testcase>
<testcase name="LambdaTest – Input Form Demo – Business rules › Zip accepts any non-empty string (required, no pattern)" classname="specs\lambdatest\inputFormDemo.rules.spec.ts" time="2.146">
</testcase>
</testsuite>
<testsuite name="specs\lambdatest\inputFormDemo.spec.ts" timestamp="2025-12-10T14:56:07.410Z" hostname="edge" tests="1" failures="0" skipped="0" time="2.62" errors="0">
<testcase name="LambdaTest – Input Form Demo › Submit full form successfully (happy path)" classname="specs\lambdatest\inputFormDemo.spec.ts" time="2.62">
</testcase>
</testsuite>
<testsuite name="specs\lambdatest\radioButtonDemo.spec.ts" timestamp="2025-12-10T14:56:07.410Z" hostname="edge" tests="3" failures="0" skipped="0" time="6.171" errors="0">
<testcase name="LambdaTest – Radio Button Demo › Test 1 – Get selected value" classname="specs\lambdatest\radioButtonDemo.spec.ts" time="2.75">
</testcase>
<testcase name="LambdaTest – Radio Button Demo › Test 2 – Disabled radio button behavior" classname="specs\lambdatest\radioButtonDemo.spec.ts" time="1.104">
</testcase>
<testcase name="LambdaTest – Radio Button Demo › Test 3 – Random selection for gender and age" classname="specs\lambdatest\radioButtonDemo.spec.ts" time="2.317">
</testcase>
</testsuite>
<testsuite name="specs\lambdatest\selectDropdown.spec.ts" timestamp="2025-12-10T14:56:07.410Z" hostname="edge" tests="2" failures="0" skipped="0" time="4.716" errors="0">
<testcase name="Lambdatest – Select Dropdown Demo › Select multiple options then verify full list and first selected" classname="specs\lambdatest\selectDropdown.spec.ts" time="2.354">
</testcase>
<testcase name="Lambdatest – Select Dropdown Demo › Select multiple options then verify first selected then full list" classname="specs\lambdatest\selectDropdown.spec.ts" time="2.362">
</testcase>
</testsuite>
<testsuite name="specs\lambdatest\simpleFormDemo.spec.ts" timestamp="2025-12-10T14:56:07.410Z" hostname="edge" tests="8" failures="0" skipped="0" time="11.422" errors="0">
<testcase name="Simple Form Demo › Single Input Field" classname="specs\lambdatest\simpleFormDemo.spec.ts" time="1.385">
</testcase>
<testcase name="Simple Form Demo › Two Input Fields - valid random numbers" classname="specs\lambdatest\simpleFormDemo.spec.ts" time="1.098">
</testcase>
<testcase name="Simple Form Demo › Two Input Fields - invalid first value" classname="specs\lambdatest\simpleFormDemo.spec.ts" time="1.382">
</testcase>
<testcase name="Simple Form Demo › Two Input Fields - invalid second value" classname="specs\lambdatest\simpleFormDemo.spec.ts" time="1.967">
</testcase>
<testcase name="Simple Form Demo › Two Input Fields - both invalid" classname="specs\lambdatest\simpleFormDemo.spec.ts" time="1.085">
</testcase>
<testcase name="Simple Form Demo › Two Input Fields - empty first value" classname="specs\lambdatest\simpleFormDemo.spec.ts" time="1.935">
</testcase>
<testcase name="Simple Form Demo › Two Input Fields - empty second value" classname="specs\lambdatest\simpleFormDemo.spec.ts" time="1.554">
</testcase>
<testcase name="Simple Form Demo › Two Input Fields - both empty" classname="specs\lambdatest\simpleFormDemo.spec.ts" time="1.016">
</testcase>
</testsuite>
<testsuite name="specs\the-internet\addRemoveElements.spec.ts" timestamp="2025-12-10T14:56:07.410Z" hostname="edge" tests="3" failures="0" skipped="0" time="3.648" errors="0">
<testcase name="The Internet – Add/Remove Elements › Initial state contains no delete buttons" classname="specs\the-internet\addRemoveElements.spec.ts" time="0.81">
</testcase>
<testcase name="The Internet – Add/Remove Elements › Add multiple delete buttons (random between 3 and 10)" classname="specs\the-internet\addRemoveElements.spec.ts" time="1.302">
</testcase>
<testcase name="The Internet – Add/Remove Elements › Remove delete buttons one by one until none remain" classname="specs\the-internet\addRemoveElements.spec.ts" time="1.536">
</testcase>
</testsuite>
<testsuite name="specs\the-internet\checkboxes.spec.ts" timestamp="2025-12-10T14:56:07.410Z" hostname="edge" tests="1" failures="0" skipped="0" time="1.331" errors="0">
<testcase name="Checkboxes tests – state machine validation › Validate all checkbox state transitions" classname="specs\the-internet\checkboxes.spec.ts" time="1.331">
</testcase>
</testsuite>
<testsuite name="specs\the-internet\dropdown.spec.ts" timestamp="2025-12-10T14:56:07.410Z" hostname="edge" tests="3" failures="0" skipped="0" time="2.739" errors="0">
<testcase name="The Internet – Dropdown List › Initial state shows placeholder text" classname="specs\the-internet\dropdown.spec.ts" time="0.857">
</testcase>
<testcase name="The Internet – Dropdown List › Selecting Option 1 is preserved" classname="specs\the-internet\dropdown.spec.ts" time="0.844">
</testcase>
<testcase name="The Internet – Dropdown List › Selecting Option 2 is preserved" classname="specs\the-internet\dropdown.spec.ts" time="1.038">
</testcase>
</testsuite>
<testsuite name="specs\the-internet\login.spec.ts" timestamp="2025-12-10T14:56:07.410Z" hostname="edge" tests="6" failures="0" skipped="0" time="6.336" errors="0">
<testcase name="Login tests › valid login redirects to secure area" classname="specs\the-internet\login.spec.ts" time="1.298">
</testcase>
<testcase name="Login tests › invalid login - invalid username" classname="specs\the-internet\login.spec.ts" time="1.347">
</testcase>
<testcase name="Login tests › invalid login - invalid password" classname="specs\the-internet\login.spec.ts" time="1.154">
</testcase>
<testcase name="Login tests › invalid login - empty username" classname="specs\the-internet\login.spec.ts" time="0.874">
</testcase>
<testcase name="Login tests › invalid login - empty password" classname="specs\the-internet\login.spec.ts" time="0.8">
</testcase>
<testcase name="Login tests › invalid login - both fields empty" classname="specs\the-internet\login.spec.ts" time="0.863">
</testcase>
</testsuite>
<testsuite name="specs\the-internet\logout.spec.ts" timestamp="2025-12-10T14:56:07.410Z" hostname="edge" tests="1" failures="0" skipped="0" time="1.182" errors="0">
<testcase name="Logout tests › Logout and verify redirect" classname="specs\the-internet\logout.spec.ts" time="1.182">
</testcase>
</testsuite>
</testsuites>