<testsuites id="" name="" tests="62" failures="0" skipped="0" errors="0" time="112.017815">
<testsuite name="specs\lambdatest\checkboxDemo.spec.ts" timestamp="2025-12-10T14:38:50.742Z" hostname="edge" tests="3" failures="0" skipped="0" time="15.464" errors="0">
<testcase name="Lambdatest Checkbox Demo › Single checkbox displays the correct message" classname="specs\lambdatest\checkboxDemo.spec.ts" time="7.946">
</testcase>
<testcase name="Lambdatest Checkbox Demo › Disabled checkbox demo behaves correctly" classname="specs\lambdatest\checkboxDemo.spec.ts" time="4.007">
</testcase>
<testcase name="Lambdatest Checkbox Demo › Check All toggles all multiple checkbox options" classname="specs\lambdatest\checkboxDemo.spec.ts" time="3.511">
</testcase>
</testsuite>
<testsuite name="specs\lambdatest\inputFormDemo.errors.email.spec.ts" timestamp="2025-12-10T14:38:50.742Z" hostname="edge" tests="7" failures="0" skipped="0" time="29.843" errors="0">
<testcase name="LambdaTest – Input Form Demo – Native HTML5 email validation › Email &quot;test&quot; is invalid" classname="specs\lambdatest\inputFormDemo.errors.email.spec.ts" time="7.715">
</testcase>
<testcase name="LambdaTest – Input Form Demo – Native HTML5 email validation › Email &quot;test@&quot; is invalid" classname="specs\lambdatest\inputFormDemo.errors.email.spec.ts" time="3.176">
</testcase>
<testcase name="LambdaTest – Input Form Demo – Native HTML5 email validation › Email &quot;john@.com&quot; is invalid" classname="specs\lambdatest\inputFormDemo.errors.email.spec.ts" time="4.037">
</testcase>
<testcase name="LambdaTest – Input Form Demo – Native HTML5 email validation › Email &quot;@domain.com&quot; is invalid" classname="specs\lambdatest\inputFormDemo.errors.email.spec.ts" time="3.993">
</testcase>
<testcase name="LambdaTest – Input Form Demo – Native HTML5 email validation › Email &quot;john@@example.com&quot; is invalid" classname="specs\lambdatest\inputFormDemo.errors.email.spec.ts" time="4.322">
</testcase>
<testcase name="LambdaTest – Input Form Demo – Native HTML5 email validation › Email &quot;john@domain..com&quot; is invalid" classname="specs\lambdatest\inputFormDemo.errors.email.spec.ts" time="3.155">
</testcase>
<testcase name="LambdaTest – Input Form Demo – Native HTML5 email validation › Valid email passes HTML5 validation" classname="specs\lambdatest\inputFormDemo.errors.email.spec.ts" time="3.445">
</testcase>
</testsuite>
<testsuite name="specs\lambdatest\inputFormDemo.errors.order.spec.ts" timestamp="2025-12-10T14:38:50.742Z" hostname="edge" tests="4" failures="0" skipped="0" time="14.57" errors="0">
<testcase name="LambdaTest – Input Form Demo – Required fields order validation › Empty submit shows error on first required field (Name)" classname="specs\lambdatest\inputFormDemo.errors.order.spec.ts" time="4.052">
</testcase>
<testcase name="LambdaTest – Input Form Demo – Required fields order validation › Correcting Name moves error to Email" classname="specs\lambdatest\inputFormDemo.errors.order.spec.ts" time="3.972">
</testcase>
<testcase name="LambdaTest – Input Form Demo – Required fields order validation › Correcting Name + Email moves error to Password" classname="specs\lambdatest\inputFormDemo.errors.order.spec.ts" time="2.537">
</testcase>
<testcase name="LambdaTest – Input Form Demo – Required fields order validation › Fixing an invalid field makes it valid on next submit" classname="specs\lambdatest\inputFormDemo.errors.order.spec.ts" time="4.009">
</testcase>
</testsuite>
<testsuite name="specs\lambdatest\inputFormDemo.requiredFields.spec.ts" timestamp="2025-12-10T14:38:50.742Z" hostname="edge" tests="10" failures="0" skipped="0" time="22.374" errors="0">
<testcase name="LambdaTest – Input Form Demo – Required fields › Name is required" classname="specs\lambdatest\inputFormDemo.requiredFields.spec.ts" time="1.608">
</testcase>
<testcase name="LambdaTest – Input Form Demo – Required fields › Email is required" classname="specs\lambdatest\inputFormDemo.requiredFields.spec.ts" time="1.731">
</testcase>
<testcase name="LambdaTest – Input Form Demo – Required fields › Password is required" classname="specs\lambdatest\inputFormDemo.requiredFields.spec.ts" time="2.95">
</testcase>
<testcase name="LambdaTest – Input Form Demo – Required fields › Company is required" classname="specs\lambdatest\inputFormDemo.requiredFields.spec.ts" time="2.934">
</testcase>
<testcase name="LambdaTest – Input Form Demo – Required fields › Website is required" classname="specs\lambdatest\inputFormDemo.requiredFields.spec.ts" time="1.545">
</testcase>
<testcase name="LambdaTest – Input Form Demo – Required fields › City is required" classname="specs\lambdatest\inputFormDemo.requiredFields.spec.ts" time="2.467">
</testcase>
<testcase name="LambdaTest – Input Form Demo – Required fields › Address1 is required" classname="specs\lambdatest\inputFormDemo.requiredFields.spec.ts" time="2.285">
</testcase>
<testcase name="LambdaTest – Input Form Demo – Required fields › Address2 is required" classname="specs\lambdatest\inputFormDemo.requiredFields.spec.ts" time="2.511">
</testcase>
<testcase name="LambdaTest – Input Form Demo – Required fields › State is required" classname="specs\lambdatest\inputFormDemo.requiredFields.spec.ts" time="1.787">
</testcase>
<testcase name="LambdaTest – Input Form Demo – Required fields › Zip is required" classname="specs\lambdatest\inputFormDemo.requiredFields.spec.ts" time="2.556">
</testcase>
</testsuite>
<testsuite name="specs\lambdatest\inputFormDemo.rules.spec.ts" timestamp="2025-12-10T14:38:50.742Z" hostname="edge" tests="10" failures="0" skipped="0" time="27.298" errors="0">
<testcase name="LambdaTest – Input Form Demo – Business rules › Name accepts any non-empty string" classname="specs\lambdatest\inputFormDemo.rules.spec.ts" time="3.326">
</testcase>
<testcase name="LambdaTest – Input Form Demo – Business rules › Email must follow HTML5 format rules" classname="specs\lambdatest\inputFormDemo.rules.spec.ts" time="3.122">
</testcase>
<testcase name="LambdaTest – Input Form Demo – Business rules › Password accepts any non-empty string" classname="specs\lambdatest\inputFormDemo.rules.spec.ts" time="2.895">
</testcase>
<testcase name="LambdaTest – Input Form Demo – Business rules › Company accepts any non-empty string" classname="specs\lambdatest\inputFormDemo.rules.spec.ts" time="2.814">
</testcase>
<testcase name="LambdaTest – Input Form Demo – Business rules › Website accepts any non-empty string" classname="specs\lambdatest\inputFormDemo.rules.spec.ts" time="3.561">
</testcase>
<testcase name="LambdaTest – Input Form Demo – Business rules › Country is optional and any selected value is valid" classname="specs\lambdatest\inputFormDemo.rules.spec.ts" time="2.413">
</testcase>
<testcase name="LambdaTest – Input Form Demo – Business rules › City accepts any non-empty string (required)" classname="specs\lambdatest\inputFormDemo.rules.spec.ts" time="4.274">
</testcase>
<testcase name="LambdaTest – Input Form Demo – Business rules › Address1 and Address2 accept any non-empty string (required)" classname="specs\lambdatest\inputFormDemo.rules.spec.ts" time="1.349">
</testcase>
<testcase name="LambdaTest – Input Form Demo – Business rules › State accepts any non-empty string (required)" classname="specs\lambdatest\inputFormDemo.rules.spec.ts" time="1.662">
</testcase>
<testcase name="LambdaTest – Input Form Demo – Business rules › Zip accepts any non-empty string (required, no pattern)" classname="specs\lambdatest\inputFormDemo.rules.spec.ts" time="1.882">
</testcase>
</testsuite>
<testsuite name="specs\lambdatest\inputFormDemo.spec.ts" timestamp="2025-12-10T14:38:50.742Z" hostname="edge" tests="1" failures="0" skipped="0" time="2.641" errors="0">
<testcase name="LambdaTest – Input Form Demo › Submit full form successfully (happy path)" classname="specs\lambdatest\inputFormDemo.spec.ts" time="2.641">
</testcase>
</testsuite>
<testsuite name="specs\lambdatest\radioButtonDemo.spec.ts" timestamp="2025-12-10T14:38:50.742Z" hostname="edge" tests="3" failures="0" skipped="0" time="5.363" errors="0">
<testcase name="LambdaTest – Radio Button Demo › Test 1 – Get selected value" classname="specs\lambdatest\radioButtonDemo.spec.ts" time="2.344">
</testcase>
<testcase name="LambdaTest – Radio Button Demo › Test 2 – Disabled radio button behavior" classname="specs\lambdatest\radioButtonDemo.spec.ts" time="1.184">
</testcase>
<testcase name="LambdaTest – Radio Button Demo › Test 3 – Random selection for gender and age" classname="specs\lambdatest\radioButtonDemo.spec.ts" time="1.835">
</testcase>
</testsuite>
<testsuite name="specs\lambdatest\selectDropdown.spec.ts" timestamp="2025-12-10T14:38:50.742Z" hostname="edge" tests="2" failures="0" skipped="0" time="5.775" errors="0">
<testcase name="Lambdatest – Select Dropdown Demo › Select multiple options then verify full list and first selected" classname="specs\lambdatest\selectDropdown.spec.ts" time="3.193">
</testcase>
<testcase name="Lambdatest – Select Dropdown Demo › Select multiple options then verify first selected then full list" classname="specs\lambdatest\selectDropdown.spec.ts" time="2.582">
</testcase>
</testsuite>
<testsuite name="specs\lambdatest\simpleFormDemo.spec.ts" timestamp="2025-12-10T14:38:50.742Z" hostname="edge" tests="8" failures="0" skipped="0" time="9.964" errors="0">
<testcase name="Simple Form Demo › Single Input Field" classname="specs\lambdatest\simpleFormDemo.spec.ts" time="1.794">
</testcase>
<testcase name="Simple Form Demo › Two Input Fields - valid random numbers" classname="specs\lambdatest\simpleFormDemo.spec.ts" time="1.271">
</testcase>
<testcase name="Simple Form Demo › Two Input Fields - invalid first value" classname="specs\lambdatest\simpleFormDemo.spec.ts" time="1.138">
</testcase>
<testcase name="Simple Form Demo › Two Input Fields - invalid second value" classname="specs\lambdatest\simpleFormDemo.spec.ts" time="1.316">
</testcase>
<testcase name="Simple Form Demo › Two Input Fields - both invalid" classname="specs\lambdatest\simpleFormDemo.spec.ts" time="1.157">
</testcase>
<testcase name="Simple Form Demo › Two Input Fields - empty first value" classname="specs\lambdatest\simpleFormDemo.spec.ts" time="1.188">
</testcase>
<testcase name="Simple Form Demo › Two Input Fields - empty second value" classname="specs\lambdatest\simpleFormDemo.spec.ts" time="1.061">
</testcase>
<testcase name="Simple Form Demo › Two Input Fields - both empty" classname="specs\lambdatest\simpleFormDemo.spec.ts" time="1.039">
</testcase>
</testsuite>
<testsuite name="specs\the-internet\addRemoveElements.spec.ts" timestamp="2025-12-10T14:38:50.742Z" hostname="edge" tests="3" failures="0" skipped="0" time="4.784" errors="0">
<testcase name="The Internet – Add/Remove Elements › Initial state contains no delete buttons" classname="specs\the-internet\addRemoveElements.spec.ts" time="1.316">
</testcase>
<testcase name="The Internet – Add/Remove Elements › Add multiple delete buttons (random between 3 and 10)" classname="specs\the-internet\addRemoveElements.spec.ts" time="1.55">
</testcase>
<testcase name="The Internet – Add/Remove Elements › Remove delete buttons one by one until none remain" classname="specs\the-internet\addRemoveElements.spec.ts" time="1.918">
</testcase>
</testsuite>
<testsuite name="specs\the-internet\checkboxes.spec.ts" timestamp="2025-12-10T14:38:50.742Z" hostname="edge" tests="1" failures="0" skipped="0" time="1.682" errors="0">
<testcase name="Checkboxes tests – state machine validation › Validate all checkbox state transitions" classname="specs\the-internet\checkboxes.spec.ts" time="1.682">
</testcase>
</testsuite>
<testsuite name="specs\the-internet\dropdown.spec.ts" timestamp="2025-12-10T14:38:50.742Z" hostname="edge" tests="3" failures="0" skipped="0" time="3.339" errors="0">
<testcase name="The Internet – Dropdown List › Initial state shows placeholder text" classname="specs\the-internet\dropdown.spec.ts" time="1.141">
</testcase>
<testcase name="The Internet – Dropdown List › Selecting Option 1 is preserved" classname="specs\the-internet\dropdown.spec.ts" time="1.098">
</testcase>
<testcase name="The Internet – Dropdown List › Selecting Option 2 is preserved" classname="specs\the-internet\dropdown.spec.ts" time="1.1">
</testcase>
</testsuite>
<testsuite name="specs\the-internet\login.spec.ts" timestamp="2025-12-10T14:38:50.742Z" hostname="edge" tests="6" failures="0" skipped="0" time="7.994" errors="0">
<testcase name="Login tests › valid login redirects to secure area" classname="specs\the-internet\login.spec.ts" time="1.438">
</testcase>
<testcase name="Login tests › invalid login - invalid username" classname="specs\the-internet\login.spec.ts" time="1.442">
</testcase>
<testcase name="Login tests › invalid login - invalid password" classname="specs\the-internet\login.spec.ts" time="1.36">
</testcase>
<testcase name="Login tests › invalid login - empty username" classname="specs\the-internet\login.spec.ts" time="1.254">
</testcase>
<testcase name="Login tests › invalid login - empty password" classname="specs\the-internet\login.spec.ts" time="1.282">
</testcase>
<testcase name="Login tests › invalid login - both fields empty" classname="specs\the-internet\login.spec.ts" time="1.218">
</testcase>
</testsuite>
<testsuite name="specs\the-internet\logout.spec.ts" timestamp="2025-12-10T14:38:50.742Z" hostname="edge" tests="1" failures="0" skipped="0" time="1.734" errors="0">
<testcase name="Logout tests › Logout and verify redirect" classname="specs\the-internet\logout.spec.ts" time="1.734">
</testcase>
</testsuite>
</testsuites>