<testsuites id="" name="" tests="62" failures="2" skipped="0" errors="0" time="36.870251">
<testsuite name="specs/lambdatest/checkboxDemo.spec.ts" timestamp="2025-12-10T14:03:08.720Z" hostname="chromium" tests="3" failures="0" skipped="0" time="5.306" errors="0">
<testcase name="Lambdatest Checkbox Demo › Single checkbox displays the correct message" classname="specs/lambdatest/checkboxDemo.spec.ts" time="3.011">
</testcase>
<testcase name="Lambdatest Checkbox Demo › Disabled checkbox demo behaves correctly" classname="specs/lambdatest/checkboxDemo.spec.ts" time="1.536">
</testcase>
<testcase name="Lambdatest Checkbox Demo › Check All toggles all multiple checkbox options" classname="specs/lambdatest/checkboxDemo.spec.ts" time="0.759">
</testcase>
</testsuite>
<testsuite name="specs/lambdatest/inputFormDemo.errors.email.spec.ts" timestamp="2025-12-10T14:03:08.720Z" hostname="chromium" tests="7" failures="0" skipped="0" time="11.927" errors="0">
<testcase name="LambdaTest – Input Form Demo – Native HTML5 email validation › Email &quot;test&quot; is invalid" classname="specs/lambdatest/inputFormDemo.errors.email.spec.ts" time="2.915">
</testcase>
<testcase name="LambdaTest – Input Form Demo – Native HTML5 email validation › Email &quot;test@&quot; is invalid" classname="specs/lambdatest/inputFormDemo.errors.email.spec.ts" time="1.384">
</testcase>
<testcase name="LambdaTest – Input Form Demo – Native HTML5 email validation › Email &quot;john@.com&quot; is invalid" classname="specs/lambdatest/inputFormDemo.errors.email.spec.ts" time="0.771">
</testcase>
<testcase name="LambdaTest – Input Form Demo – Native HTML5 email validation › Email &quot;@domain.com&quot; is invalid" classname="specs/lambdatest/inputFormDemo.errors.email.spec.ts" time="0.891">
</testcase>
<testcase name="LambdaTest – Input Form Demo – Native HTML5 email validation › Email &quot;john@@example.com&quot; is invalid" classname="specs/lambdatest/inputFormDemo.errors.email.spec.ts" time="1.327">
</testcase>
<testcase name="LambdaTest – Input Form Demo – Native HTML5 email validation › Email &quot;john@domain..com&quot; is invalid" classname="specs/lambdatest/inputFormDemo.errors.email.spec.ts" time="3.422">
</testcase>
<testcase name="LambdaTest – Input Form Demo – Native HTML5 email validation › Valid email passes HTML5 validation" classname="specs/lambdatest/inputFormDemo.errors.email.spec.ts" time="1.217">
</testcase>
</testsuite>
<testsuite name="specs/lambdatest/inputFormDemo.errors.order.spec.ts" timestamp="2025-12-10T14:03:08.720Z" hostname="chromium" tests="4" failures="0" skipped="0" time="4.854" errors="0">
<testcase name="LambdaTest – Input Form Demo – Required fields order validation › Empty submit shows error on first required field (Name)" classname="specs/lambdatest/inputFormDemo.errors.order.spec.ts" time="0.73">
</testcase>
<testcase name="LambdaTest – Input Form Demo – Required fields order validation › Correcting Name moves error to Email" classname="specs/lambdatest/inputFormDemo.errors.order.spec.ts" time="0.705">
</testcase>
<testcase name="LambdaTest – Input Form Demo – Required fields order validation › Correcting Name + Email moves error to Password" classname="specs/lambdatest/inputFormDemo.errors.order.spec.ts" time="1.762">
</testcase>
<testcase name="LambdaTest – Input Form Demo – Required fields order validation › Fixing an invalid field makes it valid on next submit" classname="specs/lambdatest/inputFormDemo.errors.order.spec.ts" time="1.657">
</testcase>
</testsuite>
<testsuite name="specs/lambdatest/inputFormDemo.requiredFields.spec.ts" timestamp="2025-12-10T14:03:08.720Z" hostname="chromium" tests="10" failures="0" skipped="0" time="7.95" errors="0">
<testcase name="LambdaTest – Input Form Demo – Required fields › Name is required" classname="specs/lambdatest/inputFormDemo.requiredFields.spec.ts" time="0.785">
</testcase>
<testcase name="LambdaTest – Input Form Demo – Required fields › Email is required" classname="specs/lambdatest/inputFormDemo.requiredFields.spec.ts" time="0.853">
</testcase>
<testcase name="LambdaTest – Input Form Demo – Required fields › Password is required" classname="specs/lambdatest/inputFormDemo.requiredFields.spec.ts" time="0.815">
</testcase>
<testcase name="LambdaTest – Input Form Demo – Required fields › Company is required" classname="specs/lambdatest/inputFormDemo.requiredFields.spec.ts" time="0.844">
</testcase>
<testcase name="LambdaTest – Input Form Demo – Required fields › Website is required" classname="specs/lambdatest/inputFormDemo.requiredFields.spec.ts" time="0.751">
</testcase>
<testcase name="LambdaTest – Input Form Demo – Required fields › City is required" classname="specs/lambdatest/inputFormDemo.requiredFields.spec.ts" time="1.503">
</testcase>
<testcase name="LambdaTest – Input Form Demo – Required fields › Address1 is required" classname="specs/lambdatest/inputFormDemo.requiredFields.spec.ts" time="0.582">
</testcase>
<testcase name="LambdaTest – Input Form Demo – Required fields › Address2 is required" classname="specs/lambdatest/inputFormDemo.requiredFields.spec.ts" time="0.609">
</testcase>
<testcase name="LambdaTest – Input Form Demo – Required fields › State is required" classname="specs/lambdatest/inputFormDemo.requiredFields.spec.ts" time="0.616">
</testcase>
<testcase name="LambdaTest – Input Form Demo – Required fields › Zip is required" classname="specs/lambdatest/inputFormDemo.requiredFields.spec.ts" time="0.592">
</testcase>
</testsuite>
<testsuite name="specs/lambdatest/inputFormDemo.rules.spec.ts" timestamp="2025-12-10T14:03:08.720Z" hostname="chromium" tests="10" failures="0" skipped="0" time="7.738" errors="0">
<testcase name="LambdaTest – Input Form Demo – Business rules › Name accepts any non-empty string" classname="specs/lambdatest/inputFormDemo.rules.spec.ts" time="0.598">
</testcase>
<testcase name="LambdaTest – Input Form Demo – Business rules › Email must follow HTML5 format rules" classname="specs/lambdatest/inputFormDemo.rules.spec.ts" time="0.775">
</testcase>
<testcase name="LambdaTest – Input Form Demo – Business rules › Password accepts any non-empty string" classname="specs/lambdatest/inputFormDemo.rules.spec.ts" time="0.733">
</testcase>
<testcase name="LambdaTest – Input Form Demo – Business rules › Company accepts any non-empty string" classname="specs/lambdatest/inputFormDemo.rules.spec.ts" time="0.735">
</testcase>
<testcase name="LambdaTest – Input Form Demo – Business rules › Website accepts any non-empty string" classname="specs/lambdatest/inputFormDemo.rules.spec.ts" time="0.698">
</testcase>
<testcase name="LambdaTest – Input Form Demo – Business rules › Country is optional and any selected value is valid" classname="specs/lambdatest/inputFormDemo.rules.spec.ts" time="1.85">
</testcase>
<testcase name="LambdaTest – Input Form Demo – Business rules › City accepts any non-empty string (required)" classname="specs/lambdatest/inputFormDemo.rules.spec.ts" time="0.733">
</testcase>
<testcase name="LambdaTest – Input Form Demo – Business rules › Address1 and Address2 accept any non-empty string (required)" classname="specs/lambdatest/inputFormDemo.rules.spec.ts" time="0.65">
</testcase>
<testcase name="LambdaTest – Input Form Demo – Business rules › State accepts any non-empty string (required)" classname="specs/lambdatest/inputFormDemo.rules.spec.ts" time="0.481">
</testcase>
<testcase name="LambdaTest – Input Form Demo – Business rules › Zip accepts any non-empty string (required, no pattern)" classname="specs/lambdatest/inputFormDemo.rules.spec.ts" time="0.485">
</testcase>
</testsuite>
<testsuite name="specs/lambdatest/inputFormDemo.spec.ts" timestamp="2025-12-10T14:03:08.720Z" hostname="chromium" tests="1" failures="0" skipped="0" time="0.727" errors="0">
<testcase name="LambdaTest – Input Form Demo › Submit full form successfully (happy path)" classname="specs/lambdatest/inputFormDemo.spec.ts" time="0.727">
</testcase>
</testsuite>
<testsuite name="specs/lambdatest/radioButtonDemo.spec.ts" timestamp="2025-12-10T14:03:08.720Z" hostname="chromium" tests="3" failures="0" skipped="0" time="2.596" errors="0">
<testcase name="LambdaTest – Radio Button Demo › Test 1 – Get selected value" classname="specs/lambdatest/radioButtonDemo.spec.ts" time="1.13">
</testcase>
<testcase name="LambdaTest – Radio Button Demo › Test 2 – Disabled radio button behavior" classname="specs/lambdatest/radioButtonDemo.spec.ts" time="0.503">
</testcase>
<testcase name="LambdaTest – Radio Button Demo › Test 3 – Random selection for gender and age" classname="specs/lambdatest/radioButtonDemo.spec.ts" time="0.963">
</testcase>
</testsuite>
<testsuite name="specs/lambdatest/selectDropdown.spec.ts" timestamp="2025-12-10T14:03:08.720Z" hostname="chromium" tests="2" failures="2" skipped="0" time="12.204" errors="0">
<testcase name="Lambdatest – Select Dropdown Demo › Select multiple options then verify full list and first selected" classname="specs/lambdatest/selectDropdown.spec.ts" time="5.912">
<failure message="selectDropdown.spec.ts:17:7 Select multiple options then verify full list and first selected" type="FAILURE">
<![CDATA[  [chromium] › specs/lambdatest/selectDropdown.spec.ts:17:7 › Lambdatest – Select Dropdown Demo › Select multiple options then verify full list and first selected 

    Error: expect(locator).toHaveText(expected) failed

    Locator:  locator('span.groupradiobutton')
    Expected: "California,Texas,New Jersey"
    Received: ""
    Timeout:  5000ms

    Call log:
      - Expect "toHaveText" with timeout 5000ms
      - waiting for locator('span.groupradiobutton')
        9 × locator resolved to <span class="groupradiobutton block break-words"></span>
          - unexpected value ""


      26 |     // Check full list
      27 |     await d.getAllSelectedBtn.click();
    > 28 |     await expect(d.allSelectedOutput).toHaveText('California,Texas,New Jersey');
         |                                       ^
      29 |
      30 |     // Check first selected
      31 |     await d.firstSelectedBtn.click();
        at /Users/runner/work/playwright-portfolio/playwright-portfolio/tests/specs/lambdatest/selectDropdown.spec.ts:28:39

    attachment #1: screenshot (image/png) ──────────────────────────────────────────────────────────
    ../test-results/specs-lambdatest-selectDro-329df-ull-list-and-first-selected-chromium/test-failed-1.png
    ────────────────────────────────────────────────────────────────────────────────────────────────

    attachment #2: video (video/webm) ──────────────────────────────────────────────────────────────
    ../test-results/specs-lambdatest-selectDro-329df-ull-list-and-first-selected-chromium/video.webm
    ────────────────────────────────────────────────────────────────────────────────────────────────

    Error Context: ../test-results/specs-lambdatest-selectDro-329df-ull-list-and-first-selected-chromium/error-context.md
]]>
</failure>
<system-out>
<![CDATA[
[[ATTACHMENT|../test-results/specs-lambdatest-selectDro-329df-ull-list-and-first-selected-chromium/test-failed-1.png]]

[[ATTACHMENT|../test-results/specs-lambdatest-selectDro-329df-ull-list-and-first-selected-chromium/video.webm]]

[[ATTACHMENT|../test-results/specs-lambdatest-selectDro-329df-ull-list-and-first-selected-chromium/error-context.md]]
]]>
</system-out>
</testcase>
<testcase name="Lambdatest – Select Dropdown Demo › Select multiple options then verify first selected then full list" classname="specs/lambdatest/selectDropdown.spec.ts" time="6.292">
<failure message="selectDropdown.spec.ts:35:7 Select multiple options then verify first selected then full list" type="FAILURE">
<![CDATA[  [chromium] › specs/lambdatest/selectDropdown.spec.ts:35:7 › Lambdatest – Select Dropdown Demo › Select multiple options then verify first selected then full list 

    Error: expect(locator).toHaveText(expected) failed

    Locator:  locator('span.genderbutton')
    Expected: "California"
    Received: ""
    Timeout:  5000ms

    Call log:
      - Expect "toHaveText" with timeout 5000ms
      - waiting for locator('span.genderbutton')
        9 × locator resolved to <span class="genderbutton"></span>
          - unexpected value ""


      44 |     // First selected
      45 |     await d.firstSelectedBtn.click();
    > 46 |     await expect(d.firstSelectedOutput).toHaveText('California');
         |                                         ^
      47 |
      48 |     // Full list
      49 |     await d.getAllSelectedBtn.click();
        at /Users/runner/work/playwright-portfolio/playwright-portfolio/tests/specs/lambdatest/selectDropdown.spec.ts:46:41

    attachment #1: screenshot (image/png) ──────────────────────────────────────────────────────────
    ../test-results/specs-lambdatest-selectDro-72dfa-rst-selected-then-full-list-chromium/test-failed-1.png
    ────────────────────────────────────────────────────────────────────────────────────────────────

    attachment #2: video (video/webm) ──────────────────────────────────────────────────────────────
    ../test-results/specs-lambdatest-selectDro-72dfa-rst-selected-then-full-list-chromium/video.webm
    ────────────────────────────────────────────────────────────────────────────────────────────────

    Error Context: ../test-results/specs-lambdatest-selectDro-72dfa-rst-selected-then-full-list-chromium/error-context.md
]]>
</failure>
<system-out>
<![CDATA[
[[ATTACHMENT|../test-results/specs-lambdatest-selectDro-72dfa-rst-selected-then-full-list-chromium/test-failed-1.png]]

[[ATTACHMENT|../test-results/specs-lambdatest-selectDro-72dfa-rst-selected-then-full-list-chromium/video.webm]]

[[ATTACHMENT|../test-results/specs-lambdatest-selectDro-72dfa-rst-selected-then-full-list-chromium/error-context.md]]
]]>
</system-out>
</testcase>
</testsuite>
<testsuite name="specs/lambdatest/simpleFormDemo.spec.ts" timestamp="2025-12-10T14:03:08.720Z" hostname="chromium" tests="8" failures="0" skipped="0" time="7.109" errors="0">
<testcase name="Simple Form Demo › Single Input Field" classname="specs/lambdatest/simpleFormDemo.spec.ts" time="0.457">
</testcase>
<testcase name="Simple Form Demo › Two Input Fields - valid random numbers" classname="specs/lambdatest/simpleFormDemo.spec.ts" time="0.717">
</testcase>
<testcase name="Simple Form Demo › Two Input Fields - invalid first value" classname="specs/lambdatest/simpleFormDemo.spec.ts" time="1.772">
</testcase>
<testcase name="Simple Form Demo › Two Input Fields - invalid second value" classname="specs/lambdatest/simpleFormDemo.spec.ts" time="0.635">
</testcase>
<testcase name="Simple Form Demo › Two Input Fields - both invalid" classname="specs/lambdatest/simpleFormDemo.spec.ts" time="0.472">
</testcase>
<testcase name="Simple Form Demo › Two Input Fields - empty first value" classname="specs/lambdatest/simpleFormDemo.spec.ts" time="1.161">
</testcase>
<testcase name="Simple Form Demo › Two Input Fields - empty second value" classname="specs/lambdatest/simpleFormDemo.spec.ts" time="0.924">
</testcase>
<testcase name="Simple Form Demo › Two Input Fields - both empty" classname="specs/lambdatest/simpleFormDemo.spec.ts" time="0.971">
</testcase>
</testsuite>
<testsuite name="specs/the-internet/addRemoveElements.spec.ts" timestamp="2025-12-10T14:03:08.720Z" hostname="chromium" tests="3" failures="0" skipped="0" time="2.566" errors="0">
<testcase name="The Internet – Add/Remove Elements › Initial state contains no delete buttons" classname="specs/the-internet/addRemoveElements.spec.ts" time="0.288">
</testcase>
<testcase name="The Internet – Add/Remove Elements › Add multiple delete buttons (random between 3 and 10)" classname="specs/the-internet/addRemoveElements.spec.ts" time="0.877">
</testcase>
<testcase name="The Internet – Add/Remove Elements › Remove delete buttons one by one until none remain" classname="specs/the-internet/addRemoveElements.spec.ts" time="1.401">
</testcase>
</testsuite>
<testsuite name="specs/the-internet/checkboxes.spec.ts" timestamp="2025-12-10T14:03:08.720Z" hostname="chromium" tests="1" failures="0" skipped="0" time="0.507" errors="0">
<testcase name="Checkboxes tests – state machine validation › Validate all checkbox state transitions" classname="specs/the-internet/checkboxes.spec.ts" time="0.507">
</testcase>
</testsuite>
<testsuite name="specs/the-internet/dropdown.spec.ts" timestamp="2025-12-10T14:03:08.720Z" hostname="chromium" tests="3" failures="0" skipped="0" time="0.723" errors="0">
<testcase name="The Internet – Dropdown List › Initial state shows placeholder text" classname="specs/the-internet/dropdown.spec.ts" time="0.231">
</testcase>
<testcase name="The Internet – Dropdown List › Selecting Option 1 is preserved" classname="specs/the-internet/dropdown.spec.ts" time="0.237">
</testcase>
<testcase name="The Internet – Dropdown List › Selecting Option 2 is preserved" classname="specs/the-internet/dropdown.spec.ts" time="0.255">
</testcase>
</testsuite>
<testsuite name="specs/the-internet/login.spec.ts" timestamp="2025-12-10T14:03:08.720Z" hostname="chromium" tests="6" failures="0" skipped="0" time="2.301" errors="0">
<testcase name="Login tests › valid login redirects to secure area" classname="specs/the-internet/login.spec.ts" time="0.404">
</testcase>
<testcase name="Login tests › invalid login - invalid username" classname="specs/the-internet/login.spec.ts" time="0.405">
</testcase>
<testcase name="Login tests › invalid login - invalid password" classname="specs/the-internet/login.spec.ts" time="0.42">
</testcase>
<testcase name="Login tests › invalid login - empty username" classname="specs/the-internet/login.spec.ts" time="0.355">
</testcase>
<testcase name="Login tests › invalid login - empty password" classname="specs/the-internet/login.spec.ts" time="0.383">
</testcase>
<testcase name="Login tests › invalid login - both fields empty" classname="specs/the-internet/login.spec.ts" time="0.334">
</testcase>
</testsuite>
<testsuite name="specs/the-internet/logout.spec.ts" timestamp="2025-12-10T14:03:08.720Z" hostname="chromium" tests="1" failures="0" skipped="0" time="0.602" errors="0">
<testcase name="Logout tests › Logout and verify redirect" classname="specs/the-internet/logout.spec.ts" time="0.602">
</testcase>
</testsuite>
</testsuites>