<testsuites id="" name="" tests="62" failures="2" skipped="0" errors="0" time="56.951356999999994">
<testsuite name="specs/lambdatest/checkboxDemo.spec.ts" timestamp="2025-12-09T14:56:14.407Z" hostname="chromium" tests="3" failures="0" skipped="0" time="5.13" errors="0">
<testcase name="Lambdatest Checkbox Demo › Single checkbox displays the correct message" classname="specs/lambdatest/checkboxDemo.spec.ts" time="2.966">
</testcase>
<testcase name="Lambdatest Checkbox Demo › Disabled checkbox demo behaves correctly" classname="specs/lambdatest/checkboxDemo.spec.ts" time="1.134">
</testcase>
<testcase name="Lambdatest Checkbox Demo › Check All toggles all multiple checkbox options" classname="specs/lambdatest/checkboxDemo.spec.ts" time="1.03">
</testcase>
</testsuite>
<testsuite name="specs/lambdatest/inputFormDemo.errors.email.spec.ts" timestamp="2025-12-09T14:56:14.407Z" hostname="chromium" tests="7" failures="0" skipped="0" time="16.667" errors="0">
<testcase name="LambdaTest – Input Form Demo – Native HTML5 email validation › Email &quot;test&quot; is invalid" classname="specs/lambdatest/inputFormDemo.errors.email.spec.ts" time="3.186">
</testcase>
<testcase name="LambdaTest – Input Form Demo – Native HTML5 email validation › Email &quot;test@&quot; is invalid" classname="specs/lambdatest/inputFormDemo.errors.email.spec.ts" time="1.074">
</testcase>
<testcase name="LambdaTest – Input Form Demo – Native HTML5 email validation › Email &quot;john@.com&quot; is invalid" classname="specs/lambdatest/inputFormDemo.errors.email.spec.ts" time="1.192">
</testcase>
<testcase name="LambdaTest – Input Form Demo – Native HTML5 email validation › Email &quot;@domain.com&quot; is invalid" classname="specs/lambdatest/inputFormDemo.errors.email.spec.ts" time="1.19">
</testcase>
<testcase name="LambdaTest – Input Form Demo – Native HTML5 email validation › Email &quot;john@@example.com&quot; is invalid" classname="specs/lambdatest/inputFormDemo.errors.email.spec.ts" time="1.604">
</testcase>
<testcase name="LambdaTest – Input Form Demo – Native HTML5 email validation › Email &quot;john@domain..com&quot; is invalid" classname="specs/lambdatest/inputFormDemo.errors.email.spec.ts" time="4.554">
</testcase>
<testcase name="LambdaTest – Input Form Demo – Native HTML5 email validation › Valid email passes HTML5 validation" classname="specs/lambdatest/inputFormDemo.errors.email.spec.ts" time="3.867">
</testcase>
</testsuite>
<testsuite name="specs/lambdatest/inputFormDemo.errors.order.spec.ts" timestamp="2025-12-09T14:56:14.407Z" hostname="chromium" tests="4" failures="0" skipped="0" time="7.511" errors="0">
<testcase name="LambdaTest – Input Form Demo – Required fields order validation › Empty submit shows error on first required field (Name)" classname="specs/lambdatest/inputFormDemo.errors.order.spec.ts" time="1.049">
</testcase>
<testcase name="LambdaTest – Input Form Demo – Required fields order validation › Correcting Name moves error to Email" classname="specs/lambdatest/inputFormDemo.errors.order.spec.ts" time="1.303">
</testcase>
<testcase name="LambdaTest – Input Form Demo – Required fields order validation › Correcting Name + Email moves error to Password" classname="specs/lambdatest/inputFormDemo.errors.order.spec.ts" time="2.103">
</testcase>
<testcase name="LambdaTest – Input Form Demo – Required fields order validation › Fixing an invalid field makes it valid on next submit" classname="specs/lambdatest/inputFormDemo.errors.order.spec.ts" time="3.056">
</testcase>
</testsuite>
<testsuite name="specs/lambdatest/inputFormDemo.requiredFields.spec.ts" timestamp="2025-12-09T14:56:14.407Z" hostname="chromium" tests="10" failures="0" skipped="0" time="14.782" errors="0">
<testcase name="LambdaTest – Input Form Demo – Required fields › Name is required" classname="specs/lambdatest/inputFormDemo.requiredFields.spec.ts" time="2.296">
</testcase>
<testcase name="LambdaTest – Input Form Demo – Required fields › Email is required" classname="specs/lambdatest/inputFormDemo.requiredFields.spec.ts" time="2.016">
</testcase>
<testcase name="LambdaTest – Input Form Demo – Required fields › Password is required" classname="specs/lambdatest/inputFormDemo.requiredFields.spec.ts" time="1.441">
</testcase>
<testcase name="LambdaTest – Input Form Demo – Required fields › Company is required" classname="specs/lambdatest/inputFormDemo.requiredFields.spec.ts" time="1.784">
</testcase>
<testcase name="LambdaTest – Input Form Demo – Required fields › Website is required" classname="specs/lambdatest/inputFormDemo.requiredFields.spec.ts" time="1.41">
</testcase>
<testcase name="LambdaTest – Input Form Demo – Required fields › City is required" classname="specs/lambdatest/inputFormDemo.requiredFields.spec.ts" time="0.955">
</testcase>
<testcase name="LambdaTest – Input Form Demo – Required fields › Address1 is required" classname="specs/lambdatest/inputFormDemo.requiredFields.spec.ts" time="1.132">
</testcase>
<testcase name="LambdaTest – Input Form Demo – Required fields › Address2 is required" classname="specs/lambdatest/inputFormDemo.requiredFields.spec.ts" time="1.288">
</testcase>
<testcase name="LambdaTest – Input Form Demo – Required fields › State is required" classname="specs/lambdatest/inputFormDemo.requiredFields.spec.ts" time="1.146">
</testcase>
<testcase name="LambdaTest – Input Form Demo – Required fields › Zip is required" classname="specs/lambdatest/inputFormDemo.requiredFields.spec.ts" time="1.314">
</testcase>
</testsuite>
<testsuite name="specs/lambdatest/inputFormDemo.rules.spec.ts" timestamp="2025-12-09T14:56:14.407Z" hostname="chromium" tests="10" failures="0" skipped="0" time="11.732" errors="0">
<testcase name="LambdaTest – Input Form Demo – Business rules › Name accepts any non-empty string" classname="specs/lambdatest/inputFormDemo.rules.spec.ts" time="3.071">
</testcase>
<testcase name="LambdaTest – Input Form Demo – Business rules › Email must follow HTML5 format rules" classname="specs/lambdatest/inputFormDemo.rules.spec.ts" time="1.221">
</testcase>
<testcase name="LambdaTest – Input Form Demo – Business rules › Password accepts any non-empty string" classname="specs/lambdatest/inputFormDemo.rules.spec.ts" time="0.88">
</testcase>
<testcase name="LambdaTest – Input Form Demo – Business rules › Company accepts any non-empty string" classname="specs/lambdatest/inputFormDemo.rules.spec.ts" time="0.963">
</testcase>
<testcase name="LambdaTest – Input Form Demo – Business rules › Website accepts any non-empty string" classname="specs/lambdatest/inputFormDemo.rules.spec.ts" time="0.978">
</testcase>
<testcase name="LambdaTest – Input Form Demo – Business rules › Country is optional and any selected value is valid" classname="specs/lambdatest/inputFormDemo.rules.spec.ts" time="0.964">
</testcase>
<testcase name="LambdaTest – Input Form Demo – Business rules › City accepts any non-empty string (required)" classname="specs/lambdatest/inputFormDemo.rules.spec.ts" time="1.084">
</testcase>
<testcase name="LambdaTest – Input Form Demo – Business rules › Address1 and Address2 accept any non-empty string (required)" classname="specs/lambdatest/inputFormDemo.rules.spec.ts" time="0.805">
</testcase>
<testcase name="LambdaTest – Input Form Demo – Business rules › State accepts any non-empty string (required)" classname="specs/lambdatest/inputFormDemo.rules.spec.ts" time="0.91">
</testcase>
<testcase name="LambdaTest – Input Form Demo – Business rules › Zip accepts any non-empty string (required, no pattern)" classname="specs/lambdatest/inputFormDemo.rules.spec.ts" time="0.856">
</testcase>
</testsuite>
<testsuite name="specs/lambdatest/inputFormDemo.spec.ts" timestamp="2025-12-09T14:56:14.407Z" hostname="chromium" tests="1" failures="0" skipped="0" time="1.231" errors="0">
<testcase name="LambdaTest – Input Form Demo › Submit full form successfully (happy path)" classname="specs/lambdatest/inputFormDemo.spec.ts" time="1.231">
</testcase>
</testsuite>
<testsuite name="specs/lambdatest/radioButtonDemo.spec.ts" timestamp="2025-12-09T14:56:14.407Z" hostname="chromium" tests="3" failures="0" skipped="0" time="3.126" errors="0">
<testcase name="LambdaTest – Radio Button Demo › Test 1 – Get selected value" classname="specs/lambdatest/radioButtonDemo.spec.ts" time="1.243">
</testcase>
<testcase name="LambdaTest – Radio Button Demo › Test 2 – Disabled radio button behavior" classname="specs/lambdatest/radioButtonDemo.spec.ts" time="0.921">
</testcase>
<testcase name="LambdaTest – Radio Button Demo › Test 3 – Random selection for gender and age" classname="specs/lambdatest/radioButtonDemo.spec.ts" time="0.962">
</testcase>
</testsuite>
<testsuite name="specs/lambdatest/selectDropdown.spec.ts" timestamp="2025-12-09T14:56:14.407Z" hostname="chromium" tests="2" failures="2" skipped="0" time="16.216" errors="0">
<testcase name="Lambdatest – Select Dropdown Demo › Select multiple options then verify full list and first selected" classname="specs/lambdatest/selectDropdown.spec.ts" time="8.098">
<failure message="selectDropdown.spec.ts:12:7 Select multiple options then verify full list and first selected" type="FAILURE">
<![CDATA[  [chromium] › specs/lambdatest/selectDropdown.spec.ts:12:7 › Lambdatest – Select Dropdown Demo › Select multiple options then verify full list and first selected 

    Error: expect(locator).toHaveText(expected) failed

    Locator:  locator('span.groupradiobutton')
    Expected: "California,Texas,New Jersey"
    Received: ""
    Timeout:  5000ms

    Call log:
      - Expect "toHaveText" with timeout 5000ms
      - waiting for locator('span.groupradiobutton')
        9 × locator resolved to <span class="groupradiobutton block break-words"></span>
          - unexpected value ""


      21 |     // Check full list
      22 |     await d.getAllSelectedBtn.click();
    > 23 |     await expect(d.allSelectedOutput).toHaveText('California,Texas,New Jersey');
         |                                       ^
      24 |
      25 |     // Check first selected
      26 |     await d.firstSelectedBtn.click();
        at /Users/runner/work/playwright-portfolio/playwright-portfolio/tests/specs/lambdatest/selectDropdown.spec.ts:23:39

    attachment #1: screenshot (image/png) ──────────────────────────────────────────────────────────
    ../test-results/specs-lambdatest-selectDro-329df-ull-list-and-first-selected-chromium/test-failed-1.png
    ────────────────────────────────────────────────────────────────────────────────────────────────

    attachment #2: video (video/webm) ──────────────────────────────────────────────────────────────
    ../test-results/specs-lambdatest-selectDro-329df-ull-list-and-first-selected-chromium/video.webm
    ────────────────────────────────────────────────────────────────────────────────────────────────

    Error Context: ../test-results/specs-lambdatest-selectDro-329df-ull-list-and-first-selected-chromium/error-context.md
]]>
</failure>
<system-out>
<![CDATA[
[[ATTACHMENT|../test-results/specs-lambdatest-selectDro-329df-ull-list-and-first-selected-chromium/test-failed-1.png]]

[[ATTACHMENT|../test-results/specs-lambdatest-selectDro-329df-ull-list-and-first-selected-chromium/video.webm]]

[[ATTACHMENT|../test-results/specs-lambdatest-selectDro-329df-ull-list-and-first-selected-chromium/error-context.md]]
]]>
</system-out>
</testcase>
<testcase name="Lambdatest – Select Dropdown Demo › Select multiple options then verify first selected then full list" classname="specs/lambdatest/selectDropdown.spec.ts" time="8.118">
<failure message="selectDropdown.spec.ts:30:7 Select multiple options then verify first selected then full list" type="FAILURE">
<![CDATA[  [chromium] › specs/lambdatest/selectDropdown.spec.ts:30:7 › Lambdatest – Select Dropdown Demo › Select multiple options then verify first selected then full list 

    Error: expect(locator).toHaveText(expected) failed

    Locator:  locator('span.genderbutton')
    Expected: "California"
    Received: ""
    Timeout:  5000ms

    Call log:
      - Expect "toHaveText" with timeout 5000ms
      - waiting for locator('span.genderbutton')
        9 × locator resolved to <span class="genderbutton"></span>
          - unexpected value ""


      38 |     // First selected
      39 |     await d.firstSelectedBtn.click();
    > 40 |     await expect(d.firstSelectedOutput).toHaveText('California');
         |                                         ^
      41 |
      42 |     // Full list
      43 |     await d.getAllSelectedBtn.click();
        at /Users/runner/work/playwright-portfolio/playwright-portfolio/tests/specs/lambdatest/selectDropdown.spec.ts:40:41

    attachment #1: screenshot (image/png) ──────────────────────────────────────────────────────────
    ../test-results/specs-lambdatest-selectDro-72dfa-rst-selected-then-full-list-chromium/test-failed-1.png
    ────────────────────────────────────────────────────────────────────────────────────────────────

    attachment #2: video (video/webm) ──────────────────────────────────────────────────────────────
    ../test-results/specs-lambdatest-selectDro-72dfa-rst-selected-then-full-list-chromium/video.webm
    ────────────────────────────────────────────────────────────────────────────────────────────────

    Error Context: ../test-results/specs-lambdatest-selectDro-72dfa-rst-selected-then-full-list-chromium/error-context.md
]]>
</failure>
<system-out>
<![CDATA[
[[ATTACHMENT|../test-results/specs-lambdatest-selectDro-72dfa-rst-selected-then-full-list-chromium/test-failed-1.png]]

[[ATTACHMENT|../test-results/specs-lambdatest-selectDro-72dfa-rst-selected-then-full-list-chromium/video.webm]]

[[ATTACHMENT|../test-results/specs-lambdatest-selectDro-72dfa-rst-selected-then-full-list-chromium/error-context.md]]
]]>
</system-out>
</testcase>
</testsuite>
<testsuite name="specs/lambdatest/simpleFormDemo.spec.ts" timestamp="2025-12-09T14:56:14.407Z" hostname="chromium" tests="8" failures="0" skipped="0" time="9.101" errors="0">
<testcase name="Simple Form Demo › Single Input Field" classname="specs/lambdatest/simpleFormDemo.spec.ts" time="1.141">
</testcase>
<testcase name="Simple Form Demo › Two Input Fields - valid random numbers" classname="specs/lambdatest/simpleFormDemo.spec.ts" time="0.903">
</testcase>
<testcase name="Simple Form Demo › Two Input Fields - invalid first value" classname="specs/lambdatest/simpleFormDemo.spec.ts" time="0.808">
</testcase>
<testcase name="Simple Form Demo › Two Input Fields - invalid second value" classname="specs/lambdatest/simpleFormDemo.spec.ts" time="0.724">
</testcase>
<testcase name="Simple Form Demo › Two Input Fields - both invalid" classname="specs/lambdatest/simpleFormDemo.spec.ts" time="1.411">
</testcase>
<testcase name="Simple Form Demo › Two Input Fields - empty first value" classname="specs/lambdatest/simpleFormDemo.spec.ts" time="1.444">
</testcase>
<testcase name="Simple Form Demo › Two Input Fields - empty second value" classname="specs/lambdatest/simpleFormDemo.spec.ts" time="1.486">
</testcase>
<testcase name="Simple Form Demo › Two Input Fields - both empty" classname="specs/lambdatest/simpleFormDemo.spec.ts" time="1.184">
</testcase>
</testsuite>
<testsuite name="specs/the-internet/addRemoveElements.spec.ts" timestamp="2025-12-09T14:56:14.407Z" hostname="chromium" tests="3" failures="0" skipped="0" time="4.083" errors="0">
<testcase name="The Internet – Add/Remove Elements › Initial state contains no delete buttons" classname="specs/the-internet/addRemoveElements.spec.ts" time="0.809">
</testcase>
<testcase name="The Internet – Add/Remove Elements › Add multiple delete buttons (random between 3 and 10)" classname="specs/the-internet/addRemoveElements.spec.ts" time="1.599">
</testcase>
<testcase name="The Internet – Add/Remove Elements › Remove delete buttons one by one until none remain" classname="specs/the-internet/addRemoveElements.spec.ts" time="1.675">
</testcase>
</testsuite>
<testsuite name="specs/the-internet/checkboxes.spec.ts" timestamp="2025-12-09T14:56:14.407Z" hostname="chromium" tests="1" failures="0" skipped="0" time="1.086" errors="0">
<testcase name="Checkboxes tests – state machine validation › Validate all checkbox state transitions" classname="specs/the-internet/checkboxes.spec.ts" time="1.086">
</testcase>
</testsuite>
<testsuite name="specs/the-internet/dropdown.spec.ts" timestamp="2025-12-09T14:56:14.407Z" hostname="chromium" tests="3" failures="0" skipped="0" time="2.377" errors="0">
<testcase name="The Internet – Dropdown List › Initial state shows placeholder text" classname="specs/the-internet/dropdown.spec.ts" time="0.892">
</testcase>
<testcase name="The Internet – Dropdown List › Selecting Option 1 is preserved" classname="specs/the-internet/dropdown.spec.ts" time="0.738">
</testcase>
<testcase name="The Internet – Dropdown List › Selecting Option 2 is preserved" classname="specs/the-internet/dropdown.spec.ts" time="0.747">
</testcase>
</testsuite>
<testsuite name="specs/the-internet/login.spec.ts" timestamp="2025-12-09T14:56:14.407Z" hostname="chromium" tests="6" failures="0" skipped="0" time="6.459" errors="0">
<testcase name="Login tests › valid login redirects to secure area" classname="specs/the-internet/login.spec.ts" time="1.066">
</testcase>
<testcase name="Login tests › invalid login - invalid username" classname="specs/the-internet/login.spec.ts" time="1.124">
</testcase>
<testcase name="Login tests › invalid login - invalid password" classname="specs/the-internet/login.spec.ts" time="1.065">
</testcase>
<testcase name="Login tests › invalid login - empty username" classname="specs/the-internet/login.spec.ts" time="1.16">
</testcase>
<testcase name="Login tests › invalid login - empty password" classname="specs/the-internet/login.spec.ts" time="1.112">
</testcase>
<testcase name="Login tests › invalid login - both fields empty" classname="specs/the-internet/login.spec.ts" time="0.932">
</testcase>
</testsuite>
<testsuite name="specs/the-internet/logout.spec.ts" timestamp="2025-12-09T14:56:14.407Z" hostname="chromium" tests="1" failures="0" skipped="0" time="1.323" errors="0">
<testcase name="Logout tests › Logout and verify redirect" classname="specs/the-internet/logout.spec.ts" time="1.323">
</testcase>
</testsuite>
</testsuites>