<testsuites id="" name="" tests="72" failures="0" skipped="5" errors="0" time="104.178152">
<testsuite name="specs/lambdatest/bootstrapModals.spec.ts" timestamp="2025-12-17T18:03:59.346Z" hostname="webkit" tests="3" failures="0" skipped="3" time="4.456" errors="0">
<testcase name="Bootstrap Modal – Windows Chromium only › open modal and verify visibility" classname="specs/lambdatest/bootstrapModals.spec.ts" time="2.783">
<properties>
<property name="skip" value="Windows + Chromium only">
</property>
</properties>
<skipped>
</skipped>
</testcase>
<testcase name="Bootstrap Modal – Windows Chromium only › close modal with Close button" classname="specs/lambdatest/bootstrapModals.spec.ts" time="0.648">
<properties>
<property name="skip" value="Windows + Chromium only">
</property>
</properties>
<skipped>
</skipped>
</testcase>
<testcase name="Bootstrap Modal – Windows Chromium only › close modal with Save changes" classname="specs/lambdatest/bootstrapModals.spec.ts" time="1.025">
<properties>
<property name="skip" value="Windows + Chromium only">
</property>
</properties>
<skipped>
</skipped>
</testcase>
</testsuite>
<testsuite name="specs/lambdatest/checkboxDemo.spec.ts" timestamp="2025-12-17T18:03:59.346Z" hostname="webkit" tests="3" failures="0" skipped="0" time="15.712" errors="0">
<testcase name="Lambdatest Checkbox Demo › Single checkbox displays the correct message" classname="specs/lambdatest/checkboxDemo.spec.ts" time="6.972">
</testcase>
<testcase name="Lambdatest Checkbox Demo › Disabled checkbox demo behaves correctly" classname="specs/lambdatest/checkboxDemo.spec.ts" time="4.536">
</testcase>
<testcase name="Lambdatest Checkbox Demo › Check All toggles all multiple checkbox options" classname="specs/lambdatest/checkboxDemo.spec.ts" time="4.204">
</testcase>
</testsuite>
<testsuite name="specs/lambdatest/inputFormDemo.errors.email.spec.ts" timestamp="2025-12-17T18:03:59.346Z" hostname="webkit" tests="7" failures="0" skipped="0" time="33.071" errors="0">
<testcase name="LambdaTest – Input Form Demo – Native HTML5 email validation › Email invalid – simple text" classname="specs/lambdatest/inputFormDemo.errors.email.spec.ts" time="6.79">
</testcase>
<testcase name="LambdaTest – Input Form Demo – Native HTML5 email validation › Email invalid – name with at sign" classname="specs/lambdatest/inputFormDemo.errors.email.spec.ts" time="4.323">
</testcase>
<testcase name="LambdaTest – Input Form Demo – Native HTML5 email validation › Email invalid – name at dot com" classname="specs/lambdatest/inputFormDemo.errors.email.spec.ts" time="4.652">
</testcase>
<testcase name="LambdaTest – Input Form Demo – Native HTML5 email validation › Email invalid – missing local part" classname="specs/lambdatest/inputFormDemo.errors.email.spec.ts" time="4.702">
</testcase>
<testcase name="LambdaTest – Input Form Demo – Native HTML5 email validation › Email invalid – double at sign" classname="specs/lambdatest/inputFormDemo.errors.email.spec.ts" time="4.533">
</testcase>
<testcase name="LambdaTest – Input Form Demo – Native HTML5 email validation › Email invalid – double dot in domain" classname="specs/lambdatest/inputFormDemo.errors.email.spec.ts" time="4.356">
</testcase>
<testcase name="LambdaTest – Input Form Demo – Native HTML5 email validation › Valid email passes HTML5 validation" classname="specs/lambdatest/inputFormDemo.errors.email.spec.ts" time="3.715">
</testcase>
</testsuite>
<testsuite name="specs/lambdatest/inputFormDemo.errors.order.spec.ts" timestamp="2025-12-17T18:03:59.346Z" hostname="webkit" tests="4" failures="0" skipped="0" time="18.304" errors="0">
<testcase name="LambdaTest – Input Form Demo – Required fields order validation › Empty submit shows error on first required field (Name)" classname="specs/lambdatest/inputFormDemo.errors.order.spec.ts" time="4.625">
</testcase>
<testcase name="LambdaTest – Input Form Demo – Required fields order validation › Correcting Name moves error to Email" classname="specs/lambdatest/inputFormDemo.errors.order.spec.ts" time="4.592">
</testcase>
<testcase name="LambdaTest – Input Form Demo – Required fields order validation › Correcting Name + Email moves error to Password" classname="specs/lambdatest/inputFormDemo.errors.order.spec.ts" time="4.588">
</testcase>
<testcase name="LambdaTest – Input Form Demo – Required fields order validation › Fixing an invalid field makes it valid on next submit" classname="specs/lambdatest/inputFormDemo.errors.order.spec.ts" time="4.499">
</testcase>
</testsuite>
<testsuite name="specs/lambdatest/inputFormDemo.requiredFields.spec.ts" timestamp="2025-12-17T18:03:59.346Z" hostname="webkit" tests="10" failures="0" skipped="0" time="31.117" errors="0">
<testcase name="LambdaTest – Input Form Demo – Required fields › Name is required" classname="specs/lambdatest/inputFormDemo.requiredFields.spec.ts" time="3.144">
</testcase>
<testcase name="LambdaTest – Input Form Demo – Required fields › Email is required" classname="specs/lambdatest/inputFormDemo.requiredFields.spec.ts" time="3.759">
</testcase>
<testcase name="LambdaTest – Input Form Demo – Required fields › Password is required" classname="specs/lambdatest/inputFormDemo.requiredFields.spec.ts" time="1.851">
</testcase>
<testcase name="LambdaTest – Input Form Demo – Required fields › Company is required" classname="specs/lambdatest/inputFormDemo.requiredFields.spec.ts" time="3.389">
</testcase>
<testcase name="LambdaTest – Input Form Demo – Required fields › Website is required" classname="specs/lambdatest/inputFormDemo.requiredFields.spec.ts" time="2.107">
</testcase>
<testcase name="LambdaTest – Input Form Demo – Required fields › City is required" classname="specs/lambdatest/inputFormDemo.requiredFields.spec.ts" time="3.417">
</testcase>
<testcase name="LambdaTest – Input Form Demo – Required fields › Address1 is required" classname="specs/lambdatest/inputFormDemo.requiredFields.spec.ts" time="4.093">
</testcase>
<testcase name="LambdaTest – Input Form Demo – Required fields › Address2 is required" classname="specs/lambdatest/inputFormDemo.requiredFields.spec.ts" time="4.656">
</testcase>
<testcase name="LambdaTest – Input Form Demo – Required fields › State is required" classname="specs/lambdatest/inputFormDemo.requiredFields.spec.ts" time="3.287">
</testcase>
<testcase name="LambdaTest – Input Form Demo – Required fields › Zip is required" classname="specs/lambdatest/inputFormDemo.requiredFields.spec.ts" time="1.414">
</testcase>
</testsuite>
<testsuite name="specs/lambdatest/inputFormDemo.rules.spec.ts" timestamp="2025-12-17T18:03:59.346Z" hostname="webkit" tests="10" failures="0" skipped="0" time="26.884" errors="0">
<testcase name="LambdaTest – Input Form Demo – Business rules › Name accepts any non-empty string" classname="specs/lambdatest/inputFormDemo.rules.spec.ts" time="3.067">
</testcase>
<testcase name="LambdaTest – Input Form Demo – Business rules › Email must follow HTML5 format rules" classname="specs/lambdatest/inputFormDemo.rules.spec.ts" time="3.553">
</testcase>
<testcase name="LambdaTest – Input Form Demo – Business rules › Password accepts any non-empty string" classname="specs/lambdatest/inputFormDemo.rules.spec.ts" time="1.565">
</testcase>
<testcase name="LambdaTest – Input Form Demo – Business rules › Company accepts any non-empty string" classname="specs/lambdatest/inputFormDemo.rules.spec.ts" time="1.351">
</testcase>
<testcase name="LambdaTest – Input Form Demo – Business rules › Website accepts any non-empty string" classname="specs/lambdatest/inputFormDemo.rules.spec.ts" time="1.515">
</testcase>
<testcase name="LambdaTest – Input Form Demo – Business rules › Country is optional and any selected value is valid" classname="specs/lambdatest/inputFormDemo.rules.spec.ts" time="2.77">
</testcase>
<testcase name="LambdaTest – Input Form Demo – Business rules › City accepts any non-empty string (required)" classname="specs/lambdatest/inputFormDemo.rules.spec.ts" time="3.737">
</testcase>
<testcase name="LambdaTest – Input Form Demo – Business rules › Address1 and Address2 accept any non-empty string (required)" classname="specs/lambdatest/inputFormDemo.rules.spec.ts" time="4.929">
</testcase>
<testcase name="LambdaTest – Input Form Demo – Business rules › State accepts any non-empty string (required)" classname="specs/lambdatest/inputFormDemo.rules.spec.ts" time="3.07">
</testcase>
<testcase name="LambdaTest – Input Form Demo – Business rules › Zip accepts any non-empty string (required, no pattern)" classname="specs/lambdatest/inputFormDemo.rules.spec.ts" time="1.327">
</testcase>
</testsuite>
<testsuite name="specs/lambdatest/inputFormDemo.spec.ts" timestamp="2025-12-17T18:03:59.346Z" hostname="webkit" tests="1" failures="0" skipped="0" time="3.789" errors="0">
<testcase name="LambdaTest – Input Form Demo › Submit full form successfully (happy path)" classname="specs/lambdatest/inputFormDemo.spec.ts" time="3.789">
</testcase>
</testsuite>
<testsuite name="specs/lambdatest/radioButtonDemo.spec.ts" timestamp="2025-12-17T18:03:59.346Z" hostname="webkit" tests="3" failures="0" skipped="0" time="10.512" errors="0">
<testcase name="LambdaTest – Radio Button Demo › Test 1 – Get selected value" classname="specs/lambdatest/radioButtonDemo.spec.ts" time="3.435">
</testcase>
<testcase name="LambdaTest – Radio Button Demo › Test 2 – Disabled radio button behavior" classname="specs/lambdatest/radioButtonDemo.spec.ts" time="3.068">
</testcase>
<testcase name="LambdaTest – Radio Button Demo › Test 3 – Random selection for gender and age" classname="specs/lambdatest/radioButtonDemo.spec.ts" time="4.009">
</testcase>
</testsuite>
<testsuite name="specs/lambdatest/selectDropdown.spec.ts" timestamp="2025-12-17T18:03:59.346Z" hostname="webkit" tests="2" failures="0" skipped="2" time="0" errors="0">
<testcase name="Lambdatest – Select Dropdown Demo › Select multiple options then verify full list and first selected" classname="specs/lambdatest/selectDropdown.spec.ts" time="0">
<properties>
<property name="skip" value="This demo page does not support multi-select behavior on WebKit.">
</property>
</properties>
<skipped>
</skipped>
</testcase>
<testcase name="Lambdatest – Select Dropdown Demo › Select multiple options then verify first selected then full list" classname="specs/lambdatest/selectDropdown.spec.ts" time="0">
<properties>
<property name="skip" value="This demo page does not support multi-select behavior on WebKit.">
</property>
</properties>
<skipped>
</skipped>
</testcase>
</testsuite>
<testsuite name="specs/lambdatest/simpleFormDemo.spec.ts" timestamp="2025-12-17T18:03:59.346Z" hostname="webkit" tests="8" failures="0" skipped="0" time="21.466" errors="0">
<testcase name="Simple Form Demo › Single Input Field" classname="specs/lambdatest/simpleFormDemo.spec.ts" time="3.001">
</testcase>
<testcase name="Simple Form Demo › Two Input Fields - valid random numbers" classname="specs/lambdatest/simpleFormDemo.spec.ts" time="4.127">
</testcase>
<testcase name="Simple Form Demo › Two Input Fields - invalid first value" classname="specs/lambdatest/simpleFormDemo.spec.ts" time="3.442">
</testcase>
<testcase name="Simple Form Demo › Two Input Fields - invalid second value" classname="specs/lambdatest/simpleFormDemo.spec.ts" time="2.276">
</testcase>
<testcase name="Simple Form Demo › Two Input Fields - both invalid" classname="specs/lambdatest/simpleFormDemo.spec.ts" time="2.152">
</testcase>
<testcase name="Simple Form Demo › Two Input Fields - empty first value" classname="specs/lambdatest/simpleFormDemo.spec.ts" time="1.461">
</testcase>
<testcase name="Simple Form Demo › Two Input Fields - empty second value" classname="specs/lambdatest/simpleFormDemo.spec.ts" time="1.674">
</testcase>
<testcase name="Simple Form Demo › Two Input Fields - both empty" classname="specs/lambdatest/simpleFormDemo.spec.ts" time="3.333">
</testcase>
</testsuite>
<testsuite name="specs/lambdatest/sliders.spec.ts" timestamp="2025-12-17T18:03:59.346Z" hostname="webkit" tests="1" failures="0" skipped="0" time="3.407" errors="0">
<testcase name="Drag &amp; Drop Sliders › move default value 25 slider to 95 and verify" classname="specs/lambdatest/sliders.spec.ts" time="3.407">
</testcase>
</testsuite>
<testsuite name="specs/the-internet/addRemoveElements.spec.ts" timestamp="2025-12-17T18:03:59.346Z" hostname="webkit" tests="3" failures="0" skipped="0" time="5.939" errors="0">
<testcase name="The Internet – Add/Remove Elements › Initial state contains no delete buttons" classname="specs/the-internet/addRemoveElements.spec.ts" time="1.352">
</testcase>
<testcase name="The Internet – Add/Remove Elements › Add multiple delete buttons (random between 3 and 10)" classname="specs/the-internet/addRemoveElements.spec.ts" time="2.118">
</testcase>
<testcase name="The Internet – Add/Remove Elements › Remove delete buttons one by one until none remain" classname="specs/the-internet/addRemoveElements.spec.ts" time="2.469">
</testcase>
</testsuite>
<testsuite name="specs/the-internet/checkboxes.spec.ts" timestamp="2025-12-17T18:03:59.346Z" hostname="webkit" tests="1" failures="0" skipped="0" time="1.692" errors="0">
<testcase name="Checkboxes tests – state machine validation › Validate all checkbox state transitions" classname="specs/the-internet/checkboxes.spec.ts" time="1.692">
</testcase>
</testsuite>
<testsuite name="specs/the-internet/dropdown.spec.ts" timestamp="2025-12-17T18:03:59.346Z" hostname="webkit" tests="3" failures="0" skipped="0" time="4.345" errors="0">
<testcase name="The Internet – Dropdown List › Initial state shows placeholder text" classname="specs/the-internet/dropdown.spec.ts" time="1.275">
</testcase>
<testcase name="The Internet – Dropdown List › Selecting Option 1 is preserved" classname="specs/the-internet/dropdown.spec.ts" time="1.373">
</testcase>
<testcase name="The Internet – Dropdown List › Selecting Option 2 is preserved" classname="specs/the-internet/dropdown.spec.ts" time="1.697">
</testcase>
</testsuite>
<testsuite name="specs/the-internet/jsAlerts.spec.ts" timestamp="2025-12-17T18:03:59.346Z" hostname="webkit" tests="6" failures="0" skipped="0" time="8.015" errors="0">
<testcase name="JS Alert › accept alert" classname="specs/the-internet/jsAlerts.spec.ts" time="1.638">
</testcase>
<testcase name="JS Confirm › accept confirm" classname="specs/the-internet/jsAlerts.spec.ts" time="1.599">
</testcase>
<testcase name="JS Confirm › dismiss confirm" classname="specs/the-internet/jsAlerts.spec.ts" time="1.211">
</testcase>
<testcase name="JS Prompt › dismiss prompt returns null" classname="specs/the-internet/jsAlerts.spec.ts" time="1.238">
</testcase>
<testcase name="JS Prompt › accept empty input" classname="specs/the-internet/jsAlerts.spec.ts" time="1.188">
</testcase>
<testcase name="JS Prompt › accept custom text" classname="specs/the-internet/jsAlerts.spec.ts" time="1.141">
</testcase>
</testsuite>
<testsuite name="specs/the-internet/login.spec.ts" timestamp="2025-12-17T18:03:59.346Z" hostname="webkit" tests="6" failures="0" skipped="0" time="9.358" errors="0">
<testcase name="Login tests › valid login redirects to secure area" classname="specs/the-internet/login.spec.ts" time="2.427">
</testcase>
<testcase name="Login tests › invalid login - invalid username" classname="specs/the-internet/login.spec.ts" time="1.364">
</testcase>
<testcase name="Login tests › invalid login - invalid password" classname="specs/the-internet/login.spec.ts" time="1.435">
</testcase>
<testcase name="Login tests › invalid login - empty username" classname="specs/the-internet/login.spec.ts" time="1.444">
</testcase>
<testcase name="Login tests › invalid login - empty password" classname="specs/the-internet/login.spec.ts" time="1.419">
</testcase>
<testcase name="Login tests › invalid login - both fields empty" classname="specs/the-internet/login.spec.ts" time="1.269">
</testcase>
</testsuite>
<testsuite name="specs/the-internet/logout.spec.ts" timestamp="2025-12-17T18:03:59.346Z" hostname="webkit" tests="1" failures="0" skipped="0" time="1.678" errors="0">
<testcase name="Logout tests › Logout and verify redirect" classname="specs/the-internet/logout.spec.ts" time="1.678">
</testcase>
</testsuite>
</testsuites>