<testsuites id="" name="" tests="6" failures="0" skipped="0" errors="0" time="12.537346">
<testsuite name="specs/login.spec.ts" timestamp="2025-11-21T20:26:07.390Z" hostname="firefox" tests="6" failures="0" skipped="0" time="10.884" errors="0">
<testcase name="Login tests › valid login redirects to secure area" classname="specs/login.spec.ts" time="2.535">
</testcase>
<testcase name="Login tests › invalid login - invalid username" classname="specs/login.spec.ts" time="1.615">
</testcase>
<testcase name="Login tests › invalid login - invalid password" classname="specs/login.spec.ts" time="1.628">
</testcase>
<testcase name="Login tests › invalid login - empty username" classname="specs/login.spec.ts" time="1.609">
</testcase>
<testcase name="Login tests › invalid login - empty password" classname="specs/login.spec.ts" time="1.785">
</testcase>
<testcase name="Login tests › invalid login - both fields empty" classname="specs/login.spec.ts" time="1.712">
</testcase>
</testsuite>
</testsuites>