<testsuites id="" name="" tests="8" failures="0" skipped="0" errors="0" time="13.540734">
<testsuite name="specs/login.spec.ts" timestamp="2025-11-27T16:14:40.505Z" hostname="firefox" tests="6" failures="0" skipped="0" time="9.337" errors="0">
<testcase name="Login tests › valid login redirects to secure area" classname="specs/login.spec.ts" time="2.898">
</testcase>
<testcase name="Login tests › invalid login - invalid username" classname="specs/login.spec.ts" time="1.498">
</testcase>
<testcase name="Login tests › invalid login - invalid password" classname="specs/login.spec.ts" time="1.332">
</testcase>
<testcase name="Login tests › invalid login - empty username" classname="specs/login.spec.ts" time="1.155">
</testcase>
<testcase name="Login tests › invalid login - empty password" classname="specs/login.spec.ts" time="1.143">
</testcase>
<testcase name="Login tests › invalid login - both fields empty" classname="specs/login.spec.ts" time="1.311">
</testcase>
</testsuite>
<testsuite name="specs/simpleFormDemo.spec.ts" timestamp="2025-11-27T16:14:40.505Z" hostname="firefox" tests="2" failures="0" skipped="0" time="5.436" errors="0">
<testcase name="Simple Form Demo › Single Input Field: valid text and empty value" classname="specs/simpleFormDemo.spec.ts" time="3.137">
</testcase>
<testcase name="Simple Form Demo › Two Input Fields: numeric validation and sum (randomized)" classname="specs/simpleFormDemo.spec.ts" time="2.299">
</testcase>
</testsuite>
</testsuites>