<testsuites id="" name="" tests="76" failures="0" skipped="3" errors="0" time="117.692041">
<testsuite name="specs\lambdatest\bootstrapAlertMessages.spec.ts" timestamp="2025-12-18T16:36:27.295Z" hostname="edge" tests="2" failures="0" skipped="0" time="21.762" errors="0">
<testcase name="Bootstrap Alert Messages – Success alerts › Should display and auto-dismiss success alert without closing on clicks" classname="specs\lambdatest\bootstrapAlertMessages.spec.ts" time="20.232">
<system-out>
<![CDATA[
[[ATTACHMENT|..\test-results\specs-lambdatest-bootstrap-1ffa8-t-without-closing-on-clicks-edge\test-failed-1.png]]

[[ATTACHMENT|..\test-results\specs-lambdatest-bootstrap-1ffa8-t-without-closing-on-clicks-edge\video.webm]]

[[ATTACHMENT|..\test-results\specs-lambdatest-bootstrap-1ffa8-t-without-closing-on-clicks-edge\error-context.md]]

[[ATTACHMENT|..\test-results\specs-lambdatest-bootstrap-1ffa8-t-without-closing-on-clicks-edge-retry1\trace.zip]]
]]>
</system-out>
</testcase>
<testcase name="Bootstrap Alert Messages – Success alerts › Should display and manually close success alert without closing on clicks" classname="specs\lambdatest\bootstrapAlertMessages.spec.ts" time="1.53">
</testcase>
</testsuite>
<testsuite name="specs\lambdatest\bootstrapModals.spec.ts" timestamp="2025-12-18T16:36:27.295Z" hostname="edge" tests="3" failures="0" skipped="3" time="4.612" errors="0">
<testcase name="Bootstrap Modal – Windows Chromium only › open modal and verify visibility" classname="specs\lambdatest\bootstrapModals.spec.ts" time="3.364">
<properties>
<property name="skip" value="Windows + Chromium only">
</property>
</properties>
<skipped>
</skipped>
</testcase>
<testcase name="Bootstrap Modal – Windows Chromium only › close modal with Close button" classname="specs\lambdatest\bootstrapModals.spec.ts" time="0.852">
<properties>
<property name="skip" value="Windows + Chromium only">
</property>
</properties>
<skipped>
</skipped>
</testcase>
<testcase name="Bootstrap Modal – Windows Chromium only › close modal with Save changes" classname="specs\lambdatest\bootstrapModals.spec.ts" time="0.396">
<properties>
<property name="skip" value="Windows + Chromium only">
</property>
</properties>
<skipped>
</skipped>
</testcase>
</testsuite>
<testsuite name="specs\lambdatest\checkboxDemo.spec.ts" timestamp="2025-12-18T16:36:27.295Z" hostname="edge" tests="3" failures="0" skipped="0" time="3.48" errors="0">
<testcase name="Lambdatest Checkbox Demo › Single checkbox displays the correct message" classname="specs\lambdatest\checkboxDemo.spec.ts" time="1.878">
</testcase>
<testcase name="Lambdatest Checkbox Demo › Disabled checkbox demo behaves correctly" classname="specs\lambdatest\checkboxDemo.spec.ts" time="0.809">
</testcase>
<testcase name="Lambdatest Checkbox Demo › Check All toggles all multiple checkbox options" classname="specs\lambdatest\checkboxDemo.spec.ts" time="0.793">
</testcase>
</testsuite>
<testsuite name="specs\lambdatest\inputFormDemo.errors.email.spec.ts" timestamp="2025-12-18T16:36:27.295Z" hostname="edge" tests="7" failures="0" skipped="0" time="11.589" errors="0">
<testcase name="LambdaTest – Input Form Demo – Native HTML5 email validation › Email invalid – simple text" classname="specs\lambdatest\inputFormDemo.errors.email.spec.ts" time="2.176">
</testcase>
<testcase name="LambdaTest – Input Form Demo – Native HTML5 email validation › Email invalid – name with at sign" classname="specs\lambdatest\inputFormDemo.errors.email.spec.ts" time="1.849">
</testcase>
<testcase name="LambdaTest – Input Form Demo – Native HTML5 email validation › Email invalid – name at dot com" classname="specs\lambdatest\inputFormDemo.errors.email.spec.ts" time="1.219">
</testcase>
<testcase name="LambdaTest – Input Form Demo – Native HTML5 email validation › Email invalid – missing local part" classname="specs\lambdatest\inputFormDemo.errors.email.spec.ts" time="1.324">
</testcase>
<testcase name="LambdaTest – Input Form Demo – Native HTML5 email validation › Email invalid – double at sign" classname="specs\lambdatest\inputFormDemo.errors.email.spec.ts" time="1.384">
</testcase>
<testcase name="LambdaTest – Input Form Demo – Native HTML5 email validation › Email invalid – double dot in domain" classname="specs\lambdatest\inputFormDemo.errors.email.spec.ts" time="2.699">
</testcase>
<testcase name="LambdaTest – Input Form Demo – Native HTML5 email validation › Valid email passes HTML5 validation" classname="specs\lambdatest\inputFormDemo.errors.email.spec.ts" time="0.938">
</testcase>
</testsuite>
<testsuite name="specs\lambdatest\inputFormDemo.errors.order.spec.ts" timestamp="2025-12-18T16:36:27.295Z" hostname="edge" tests="4" failures="0" skipped="0" time="6.018" errors="0">
<testcase name="LambdaTest – Input Form Demo – Required fields order validation › Empty submit shows error on first required field (Name)" classname="specs\lambdatest\inputFormDemo.errors.order.spec.ts" time="0.814">
</testcase>
<testcase name="LambdaTest – Input Form Demo – Required fields order validation › Correcting Name moves error to Email" classname="specs\lambdatest\inputFormDemo.errors.order.spec.ts" time="0.902">
</testcase>
<testcase name="LambdaTest – Input Form Demo – Required fields order validation › Correcting Name + Email moves error to Password" classname="specs\lambdatest\inputFormDemo.errors.order.spec.ts" time="1.127">
</testcase>
<testcase name="LambdaTest – Input Form Demo – Required fields order validation › Fixing an invalid field makes it valid on next submit" classname="specs\lambdatest\inputFormDemo.errors.order.spec.ts" time="3.175">
</testcase>
</testsuite>
<testsuite name="specs\lambdatest\inputFormDemo.requiredFields.spec.ts" timestamp="2025-12-18T16:36:27.295Z" hostname="edge" tests="10" failures="0" skipped="0" time="22.093" errors="0">
<testcase name="LambdaTest – Input Form Demo – Required fields › Name is required" classname="specs\lambdatest\inputFormDemo.requiredFields.spec.ts" time="2.033">
</testcase>
<testcase name="LambdaTest – Input Form Demo – Required fields › Email is required" classname="specs\lambdatest\inputFormDemo.requiredFields.spec.ts" time="2.385">
</testcase>
<testcase name="LambdaTest – Input Form Demo – Required fields › Password is required" classname="specs\lambdatest\inputFormDemo.requiredFields.spec.ts" time="1.574">
</testcase>
<testcase name="LambdaTest – Input Form Demo – Required fields › Company is required" classname="specs\lambdatest\inputFormDemo.requiredFields.spec.ts" time="1.325">
</testcase>
<testcase name="LambdaTest – Input Form Demo – Required fields › Website is required" classname="specs\lambdatest\inputFormDemo.requiredFields.spec.ts" time="2.519">
</testcase>
<testcase name="LambdaTest – Input Form Demo – Required fields › City is required" classname="specs\lambdatest\inputFormDemo.requiredFields.spec.ts" time="2.488">
</testcase>
<testcase name="LambdaTest – Input Form Demo – Required fields › Address1 is required" classname="specs\lambdatest\inputFormDemo.requiredFields.spec.ts" time="2.555">
</testcase>
<testcase name="LambdaTest – Input Form Demo – Required fields › Address2 is required" classname="specs\lambdatest\inputFormDemo.requiredFields.spec.ts" time="2.815">
</testcase>
<testcase name="LambdaTest – Input Form Demo – Required fields › State is required" classname="specs\lambdatest\inputFormDemo.requiredFields.spec.ts" time="2.094">
</testcase>
<testcase name="LambdaTest – Input Form Demo – Required fields › Zip is required" classname="specs\lambdatest\inputFormDemo.requiredFields.spec.ts" time="2.305">
</testcase>
</testsuite>
<testsuite name="specs\lambdatest\inputFormDemo.rules.spec.ts" timestamp="2025-12-18T16:36:27.295Z" hostname="edge" tests="10" failures="0" skipped="0" time="21.923" errors="0">
<testcase name="LambdaTest – Input Form Demo – Business rules › Name accepts any non-empty string" classname="specs\lambdatest\inputFormDemo.rules.spec.ts" time="1.822">
</testcase>
<testcase name="LambdaTest – Input Form Demo – Business rules › Email must follow HTML5 format rules" classname="specs\lambdatest\inputFormDemo.rules.spec.ts" time="2.595">
</testcase>
<testcase name="LambdaTest – Input Form Demo – Business rules › Password accepts any non-empty string" classname="specs\lambdatest\inputFormDemo.rules.spec.ts" time="2.358">
</testcase>
<testcase name="LambdaTest – Input Form Demo – Business rules › Company accepts any non-empty string" classname="specs\lambdatest\inputFormDemo.rules.spec.ts" time="2.959">
</testcase>
<testcase name="LambdaTest – Input Form Demo – Business rules › Website accepts any non-empty string" classname="specs\lambdatest\inputFormDemo.rules.spec.ts" time="1.495">
</testcase>
<testcase name="LambdaTest – Input Form Demo – Business rules › Country is optional and any selected value is valid" classname="specs\lambdatest\inputFormDemo.rules.spec.ts" time="1.33">
</testcase>
<testcase name="LambdaTest – Input Form Demo – Business rules › City accepts any non-empty string (required)" classname="specs\lambdatest\inputFormDemo.rules.spec.ts" time="2.507">
</testcase>
<testcase name="LambdaTest – Input Form Demo – Business rules › Address1 and Address2 accept any non-empty string (required)" classname="specs\lambdatest\inputFormDemo.rules.spec.ts" time="2.517">
</testcase>
<testcase name="LambdaTest – Input Form Demo – Business rules › State accepts any non-empty string (required)" classname="specs\lambdatest\inputFormDemo.rules.spec.ts" time="2.288">
</testcase>
<testcase name="LambdaTest – Input Form Demo – Business rules › Zip accepts any non-empty string (required, no pattern)" classname="specs\lambdatest\inputFormDemo.rules.spec.ts" time="2.052">
</testcase>
</testsuite>
<testsuite name="specs\lambdatest\inputFormDemo.spec.ts" timestamp="2025-12-18T16:36:27.295Z" hostname="edge" tests="1" failures="0" skipped="0" time="2.286" errors="0">
<testcase name="LambdaTest – Input Form Demo › Submit full form successfully (happy path)" classname="specs\lambdatest\inputFormDemo.spec.ts" time="2.286">
</testcase>
</testsuite>
<testsuite name="specs\lambdatest\radioButtonDemo.spec.ts" timestamp="2025-12-18T16:36:27.295Z" hostname="edge" tests="3" failures="0" skipped="0" time="5.339" errors="0">
<testcase name="LambdaTest – Radio Button Demo › Test 1 – Get selected value" classname="specs\lambdatest\radioButtonDemo.spec.ts" time="2.341">
</testcase>
<testcase name="LambdaTest – Radio Button Demo › Test 2 – Disabled radio button behavior" classname="specs\lambdatest\radioButtonDemo.spec.ts" time="0.974">
</testcase>
<testcase name="LambdaTest – Radio Button Demo › Test 3 – Random selection for gender and age" classname="specs\lambdatest\radioButtonDemo.spec.ts" time="2.024">
</testcase>
</testsuite>
<testsuite name="specs\lambdatest\selectDropdown.spec.ts" timestamp="2025-12-18T16:36:27.295Z" hostname="edge" tests="2" failures="0" skipped="0" time="5.456" errors="0">
<testcase name="Lambdatest – Select Dropdown Demo › Select multiple options then verify full list and first selected" classname="specs\lambdatest\selectDropdown.spec.ts" time="3.181">
</testcase>
<testcase name="Lambdatest – Select Dropdown Demo › Select multiple options then verify first selected then full list" classname="specs\lambdatest\selectDropdown.spec.ts" time="2.275">
</testcase>
</testsuite>
<testsuite name="specs\lambdatest\simpleFormDemo.spec.ts" timestamp="2025-12-18T16:36:27.295Z" hostname="edge" tests="8" failures="0" skipped="0" time="8.236" errors="0">
<testcase name="Simple Form Demo › Single Input Field" classname="specs\lambdatest\simpleFormDemo.spec.ts" time="1.28">
</testcase>
<testcase name="Simple Form Demo › Two Input Fields - valid random numbers" classname="specs\lambdatest\simpleFormDemo.spec.ts" time="1.501">
</testcase>
<testcase name="Simple Form Demo › Two Input Fields - invalid first value" classname="specs\lambdatest\simpleFormDemo.spec.ts" time="1.105">
</testcase>
<testcase name="Simple Form Demo › Two Input Fields - invalid second value" classname="specs\lambdatest\simpleFormDemo.spec.ts" time="0.853">
</testcase>
<testcase name="Simple Form Demo › Two Input Fields - both invalid" classname="specs\lambdatest\simpleFormDemo.spec.ts" time="0.848">
</testcase>
<testcase name="Simple Form Demo › Two Input Fields - empty first value" classname="specs\lambdatest\simpleFormDemo.spec.ts" time="0.917">
</testcase>
<testcase name="Simple Form Demo › Two Input Fields - empty second value" classname="specs\lambdatest\simpleFormDemo.spec.ts" time="0.865">
</testcase>
<testcase name="Simple Form Demo › Two Input Fields - both empty" classname="specs\lambdatest\simpleFormDemo.spec.ts" time="0.867">
</testcase>
</testsuite>
<testsuite name="specs\lambdatest\sliders.spec.ts" timestamp="2025-12-18T16:36:27.295Z" hostname="edge" tests="1" failures="0" skipped="0" time="1.129" errors="0">
<testcase name="Drag &amp; Drop Sliders › move default value 25 slider to 95 and verify" classname="specs\lambdatest\sliders.spec.ts" time="1.129">
</testcase>
</testsuite>
<testsuite name="specs\the-internet\addRemoveElements.spec.ts" timestamp="2025-12-18T16:36:27.295Z" hostname="edge" tests="3" failures="0" skipped="0" time="5.247" errors="0">
<testcase name="The Internet – Add/Remove Elements › Initial state contains no delete buttons" classname="specs\the-internet\addRemoveElements.spec.ts" time="1.451">
</testcase>
<testcase name="The Internet – Add/Remove Elements › Add multiple delete buttons (random between 3 and 10)" classname="specs\the-internet\addRemoveElements.spec.ts" time="1.936">
</testcase>
<testcase name="The Internet – Add/Remove Elements › Remove delete buttons one by one until none remain" classname="specs\the-internet\addRemoveElements.spec.ts" time="1.86">
</testcase>
</testsuite>
<testsuite name="specs\the-internet\checkboxes.spec.ts" timestamp="2025-12-18T16:36:27.295Z" hostname="edge" tests="1" failures="0" skipped="0" time="1.671" errors="0">
<testcase name="Checkboxes tests – state machine validation › Validate all checkbox state transitions" classname="specs\the-internet\checkboxes.spec.ts" time="1.671">
</testcase>
</testsuite>
<testsuite name="specs\the-internet\dropdown.spec.ts" timestamp="2025-12-18T16:36:27.295Z" hostname="edge" tests="3" failures="0" skipped="0" time="4.226" errors="0">
<testcase name="The Internet – Dropdown List › Initial state shows placeholder text" classname="specs\the-internet\dropdown.spec.ts" time="1.597">
</testcase>
<testcase name="The Internet – Dropdown List › Selecting Option 1 is preserved" classname="specs\the-internet\dropdown.spec.ts" time="1.407">
</testcase>
<testcase name="The Internet – Dropdown List › Selecting Option 2 is preserved" classname="specs\the-internet\dropdown.spec.ts" time="1.222">
</testcase>
</testsuite>
<testsuite name="specs\the-internet\dynamicLoading.spec.ts" timestamp="2025-12-18T16:36:27.295Z" hostname="edge" tests="2" failures="0" skipped="0" time="13.554" errors="0">
<testcase name="Dynamic Loading – Hello World › Example 1 – hidden element becomes visible" classname="specs\the-internet\dynamicLoading.spec.ts" time="6.831">
</testcase>
<testcase name="Dynamic Loading – Hello World › Example 2 – element is rendered dynamically" classname="specs\the-internet\dynamicLoading.spec.ts" time="6.723">
</testcase>
</testsuite>
<testsuite name="specs\the-internet\jsAlerts.spec.ts" timestamp="2025-12-18T16:36:27.295Z" hostname="edge" tests="6" failures="0" skipped="0" time="8.143" errors="0">
<testcase name="JS Alert › accept alert" classname="specs\the-internet\jsAlerts.spec.ts" time="1.293">
</testcase>
<testcase name="JS Confirm › accept confirm" classname="specs\the-internet\jsAlerts.spec.ts" time="1.309">
</testcase>
<testcase name="JS Confirm › dismiss confirm" classname="specs\the-internet\jsAlerts.spec.ts" time="1.488">
</testcase>
<testcase name="JS Prompt › dismiss prompt returns null" classname="specs\the-internet\jsAlerts.spec.ts" time="1.35">
</testcase>
<testcase name="JS Prompt › accept empty input" classname="specs\the-internet\jsAlerts.spec.ts" time="1.264">
</testcase>
<testcase name="JS Prompt › accept custom text" classname="specs\the-internet\jsAlerts.spec.ts" time="1.439">
</testcase>
</testsuite>
<testsuite name="specs\the-internet\login.spec.ts" timestamp="2025-12-18T16:36:27.295Z" hostname="edge" tests="6" failures="0" skipped="0" time="9.955" errors="0">
<testcase name="Login tests › valid login redirects to secure area" classname="specs\the-internet\login.spec.ts" time="1.782">
</testcase>
<testcase name="Login tests › invalid login - invalid username" classname="specs\the-internet\login.spec.ts" time="1.681">
</testcase>
<testcase name="Login tests › invalid login - invalid password" classname="specs\the-internet\login.spec.ts" time="1.701">
</testcase>
<testcase name="Login tests › invalid login - empty username" classname="specs\the-internet\login.spec.ts" time="1.537">
</testcase>
<testcase name="Login tests › invalid login - empty password" classname="specs\the-internet\login.spec.ts" time="1.664">
</testcase>
<testcase name="Login tests › invalid login - both fields empty" classname="specs\the-internet\login.spec.ts" time="1.59">
</testcase>
</testsuite>
<testsuite name="specs\the-internet\logout.spec.ts" timestamp="2025-12-18T16:36:27.295Z" hostname="edge" tests="1" failures="0" skipped="0" time="1.981" errors="0">
<testcase name="Logout tests › Logout and verify redirect" classname="specs\the-internet\logout.spec.ts" time="1.981">
</testcase>
</testsuite>
</testsuites>