<testsuites id="" name="" tests="8" failures="0" skipped="0" errors="0" time="16.451411">
<testsuite name="specs/lambdatest/simpleFormDemo.spec.ts" timestamp="2025-11-27T20:15:36.390Z" hostname="webkit" tests="2" failures="0" skipped="0" time="7.818" errors="0">
<testcase name="Single Input Field" classname="specs/lambdatest/simpleFormDemo.spec.ts" time="5.388">
</testcase>
<testcase name="Two Input Fields" classname="specs/lambdatest/simpleFormDemo.spec.ts" time="2.43">
</testcase>
</testsuite>
<testsuite name="specs/the-internet/login.spec.ts" timestamp="2025-11-27T20:15:36.390Z" hostname="webkit" tests="6" failures="0" skipped="0" time="14.688" errors="0">
<testcase name="Login tests › valid login redirects to secure area" classname="specs/the-internet/login.spec.ts" time="5.539">
</testcase>
<testcase name="Login tests › invalid login - invalid username" classname="specs/the-internet/login.spec.ts" time="2.095">
</testcase>
<testcase name="Login tests › invalid login - invalid password" classname="specs/the-internet/login.spec.ts" time="1.833">
</testcase>
<testcase name="Login tests › invalid login - empty username" classname="specs/the-internet/login.spec.ts" time="1.759">
</testcase>
<testcase name="Login tests › invalid login - empty password" classname="specs/the-internet/login.spec.ts" time="1.74">
</testcase>
<testcase name="Login tests › invalid login - both fields empty" classname="specs/the-internet/login.spec.ts" time="1.722">
</testcase>
</testsuite>
</testsuites>