<testsuites id="" name="" tests="62" failures="0" skipped="0" errors="0" time="32.754601">
<testsuite name="specs/lambdatest/checkboxDemo.spec.ts" timestamp="2025-12-10T14:53:10.305Z" hostname="chromium" tests="3" failures="0" skipped="0" time="3.125" errors="0">
<testcase name="Lambdatest Checkbox Demo › Single checkbox displays the correct message" classname="specs/lambdatest/checkboxDemo.spec.ts" time="1.171">
</testcase>
<testcase name="Lambdatest Checkbox Demo › Disabled checkbox demo behaves correctly" classname="specs/lambdatest/checkboxDemo.spec.ts" time="1.025">
</testcase>
<testcase name="Lambdatest Checkbox Demo › Check All toggles all multiple checkbox options" classname="specs/lambdatest/checkboxDemo.spec.ts" time="0.929">
</testcase>
</testsuite>
<testsuite name="specs/lambdatest/inputFormDemo.errors.email.spec.ts" timestamp="2025-12-10T14:53:10.305Z" hostname="chromium" tests="7" failures="0" skipped="0" time="9.059" errors="0">
<testcase name="LambdaTest – Input Form Demo – Native HTML5 email validation › Email &quot;test&quot; is invalid" classname="specs/lambdatest/inputFormDemo.errors.email.spec.ts" time="1.306">
</testcase>
<testcase name="LambdaTest – Input Form Demo – Native HTML5 email validation › Email &quot;test@&quot; is invalid" classname="specs/lambdatest/inputFormDemo.errors.email.spec.ts" time="1.207">
</testcase>
<testcase name="LambdaTest – Input Form Demo – Native HTML5 email validation › Email &quot;john@.com&quot; is invalid" classname="specs/lambdatest/inputFormDemo.errors.email.spec.ts" time="0.88">
</testcase>
<testcase name="LambdaTest – Input Form Demo – Native HTML5 email validation › Email &quot;@domain.com&quot; is invalid" classname="specs/lambdatest/inputFormDemo.errors.email.spec.ts" time="1.118">
</testcase>
<testcase name="LambdaTest – Input Form Demo – Native HTML5 email validation › Email &quot;john@@example.com&quot; is invalid" classname="specs/lambdatest/inputFormDemo.errors.email.spec.ts" time="1.974">
</testcase>
<testcase name="LambdaTest – Input Form Demo – Native HTML5 email validation › Email &quot;john@domain..com&quot; is invalid" classname="specs/lambdatest/inputFormDemo.errors.email.spec.ts" time="1.683">
</testcase>
<testcase name="LambdaTest – Input Form Demo – Native HTML5 email validation › Valid email passes HTML5 validation" classname="specs/lambdatest/inputFormDemo.errors.email.spec.ts" time="0.891">
</testcase>
</testsuite>
<testsuite name="specs/lambdatest/inputFormDemo.errors.order.spec.ts" timestamp="2025-12-10T14:53:10.305Z" hostname="chromium" tests="4" failures="0" skipped="0" time="4.189" errors="0">
<testcase name="LambdaTest – Input Form Demo – Required fields order validation › Empty submit shows error on first required field (Name)" classname="specs/lambdatest/inputFormDemo.errors.order.spec.ts" time="0.994">
</testcase>
<testcase name="LambdaTest – Input Form Demo – Required fields order validation › Correcting Name moves error to Email" classname="specs/lambdatest/inputFormDemo.errors.order.spec.ts" time="0.836">
</testcase>
<testcase name="LambdaTest – Input Form Demo – Required fields order validation › Correcting Name + Email moves error to Password" classname="specs/lambdatest/inputFormDemo.errors.order.spec.ts" time="1.152">
</testcase>
<testcase name="LambdaTest – Input Form Demo – Required fields order validation › Fixing an invalid field makes it valid on next submit" classname="specs/lambdatest/inputFormDemo.errors.order.spec.ts" time="1.207">
</testcase>
</testsuite>
<testsuite name="specs/lambdatest/inputFormDemo.requiredFields.spec.ts" timestamp="2025-12-10T14:53:10.305Z" hostname="chromium" tests="10" failures="0" skipped="0" time="9.711" errors="0">
<testcase name="LambdaTest – Input Form Demo – Required fields › Name is required" classname="specs/lambdatest/inputFormDemo.requiredFields.spec.ts" time="1.025">
</testcase>
<testcase name="LambdaTest – Input Form Demo – Required fields › Email is required" classname="specs/lambdatest/inputFormDemo.requiredFields.spec.ts" time="1.01">
</testcase>
<testcase name="LambdaTest – Input Form Demo – Required fields › Password is required" classname="specs/lambdatest/inputFormDemo.requiredFields.spec.ts" time="0.838">
</testcase>
<testcase name="LambdaTest – Input Form Demo – Required fields › Company is required" classname="specs/lambdatest/inputFormDemo.requiredFields.spec.ts" time="0.998">
</testcase>
<testcase name="LambdaTest – Input Form Demo – Required fields › Website is required" classname="specs/lambdatest/inputFormDemo.requiredFields.spec.ts" time="0.821">
</testcase>
<testcase name="LambdaTest – Input Form Demo – Required fields › City is required" classname="specs/lambdatest/inputFormDemo.requiredFields.spec.ts" time="1.04">
</testcase>
<testcase name="LambdaTest – Input Form Demo – Required fields › Address1 is required" classname="specs/lambdatest/inputFormDemo.requiredFields.spec.ts" time="0.873">
</testcase>
<testcase name="LambdaTest – Input Form Demo – Required fields › Address2 is required" classname="specs/lambdatest/inputFormDemo.requiredFields.spec.ts" time="0.835">
</testcase>
<testcase name="LambdaTest – Input Form Demo – Required fields › State is required" classname="specs/lambdatest/inputFormDemo.requiredFields.spec.ts" time="0.918">
</testcase>
<testcase name="LambdaTest – Input Form Demo – Required fields › Zip is required" classname="specs/lambdatest/inputFormDemo.requiredFields.spec.ts" time="1.353">
</testcase>
</testsuite>
<testsuite name="specs/lambdatest/inputFormDemo.rules.spec.ts" timestamp="2025-12-10T14:53:10.305Z" hostname="chromium" tests="10" failures="0" skipped="0" time="9.004" errors="0">
<testcase name="LambdaTest – Input Form Demo – Business rules › Name accepts any non-empty string" classname="specs/lambdatest/inputFormDemo.rules.spec.ts" time="0.943">
</testcase>
<testcase name="LambdaTest – Input Form Demo – Business rules › Email must follow HTML5 format rules" classname="specs/lambdatest/inputFormDemo.rules.spec.ts" time="0.999">
</testcase>
<testcase name="LambdaTest – Input Form Demo – Business rules › Password accepts any non-empty string" classname="specs/lambdatest/inputFormDemo.rules.spec.ts" time="0.763">
</testcase>
<testcase name="LambdaTest – Input Form Demo – Business rules › Company accepts any non-empty string" classname="specs/lambdatest/inputFormDemo.rules.spec.ts" time="1.085">
</testcase>
<testcase name="LambdaTest – Input Form Demo – Business rules › Website accepts any non-empty string" classname="specs/lambdatest/inputFormDemo.rules.spec.ts" time="0.837">
</testcase>
<testcase name="LambdaTest – Input Form Demo – Business rules › Country is optional and any selected value is valid" classname="specs/lambdatest/inputFormDemo.rules.spec.ts" time="0.785">
</testcase>
<testcase name="LambdaTest – Input Form Demo – Business rules › City accepts any non-empty string (required)" classname="specs/lambdatest/inputFormDemo.rules.spec.ts" time="0.964">
</testcase>
<testcase name="LambdaTest – Input Form Demo – Business rules › Address1 and Address2 accept any non-empty string (required)" classname="specs/lambdatest/inputFormDemo.rules.spec.ts" time="0.728">
</testcase>
<testcase name="LambdaTest – Input Form Demo – Business rules › State accepts any non-empty string (required)" classname="specs/lambdatest/inputFormDemo.rules.spec.ts" time="1.026">
</testcase>
<testcase name="LambdaTest – Input Form Demo – Business rules › Zip accepts any non-empty string (required, no pattern)" classname="specs/lambdatest/inputFormDemo.rules.spec.ts" time="0.874">
</testcase>
</testsuite>
<testsuite name="specs/lambdatest/inputFormDemo.spec.ts" timestamp="2025-12-10T14:53:10.305Z" hostname="chromium" tests="1" failures="0" skipped="0" time="1.144" errors="0">
<testcase name="LambdaTest – Input Form Demo › Submit full form successfully (happy path)" classname="specs/lambdatest/inputFormDemo.spec.ts" time="1.144">
</testcase>
</testsuite>
<testsuite name="specs/lambdatest/radioButtonDemo.spec.ts" timestamp="2025-12-10T14:53:10.305Z" hostname="chromium" tests="3" failures="0" skipped="0" time="2.807" errors="0">
<testcase name="LambdaTest – Radio Button Demo › Test 1 – Get selected value" classname="specs/lambdatest/radioButtonDemo.spec.ts" time="0.976">
</testcase>
<testcase name="LambdaTest – Radio Button Demo › Test 2 – Disabled radio button behavior" classname="specs/lambdatest/radioButtonDemo.spec.ts" time="0.916">
</testcase>
<testcase name="LambdaTest – Radio Button Demo › Test 3 – Random selection for gender and age" classname="specs/lambdatest/radioButtonDemo.spec.ts" time="0.915">
</testcase>
</testsuite>
<testsuite name="specs/lambdatest/selectDropdown.spec.ts" timestamp="2025-12-10T14:53:10.305Z" hostname="chromium" tests="2" failures="0" skipped="0" time="3.587" errors="0">
<testcase name="Lambdatest – Select Dropdown Demo › Select multiple options then verify full list and first selected" classname="specs/lambdatest/selectDropdown.spec.ts" time="1.795">
</testcase>
<testcase name="Lambdatest – Select Dropdown Demo › Select multiple options then verify first selected then full list" classname="specs/lambdatest/selectDropdown.spec.ts" time="1.792">
</testcase>
</testsuite>
<testsuite name="specs/lambdatest/simpleFormDemo.spec.ts" timestamp="2025-12-10T14:53:10.305Z" hostname="chromium" tests="8" failures="0" skipped="0" time="7.348" errors="0">
<testcase name="Simple Form Demo › Single Input Field" classname="specs/lambdatest/simpleFormDemo.spec.ts" time="0.971">
</testcase>
<testcase name="Simple Form Demo › Two Input Fields - valid random numbers" classname="specs/lambdatest/simpleFormDemo.spec.ts" time="0.893">
</testcase>
<testcase name="Simple Form Demo › Two Input Fields - invalid first value" classname="specs/lambdatest/simpleFormDemo.spec.ts" time="0.892">
</testcase>
<testcase name="Simple Form Demo › Two Input Fields - invalid second value" classname="specs/lambdatest/simpleFormDemo.spec.ts" time="0.864">
</testcase>
<testcase name="Simple Form Demo › Two Input Fields - both invalid" classname="specs/lambdatest/simpleFormDemo.spec.ts" time="0.895">
</testcase>
<testcase name="Simple Form Demo › Two Input Fields - empty first value" classname="specs/lambdatest/simpleFormDemo.spec.ts" time="1.06">
</testcase>
<testcase name="Simple Form Demo › Two Input Fields - empty second value" classname="specs/lambdatest/simpleFormDemo.spec.ts" time="0.958">
</testcase>
<testcase name="Simple Form Demo › Two Input Fields - both empty" classname="specs/lambdatest/simpleFormDemo.spec.ts" time="0.815">
</testcase>
</testsuite>
<testsuite name="specs/the-internet/addRemoveElements.spec.ts" timestamp="2025-12-10T14:53:10.305Z" hostname="chromium" tests="3" failures="0" skipped="0" time="2.14" errors="0">
<testcase name="The Internet – Add/Remove Elements › Initial state contains no delete buttons" classname="specs/the-internet/addRemoveElements.spec.ts" time="0.459">
</testcase>
<testcase name="The Internet – Add/Remove Elements › Add multiple delete buttons (random between 3 and 10)" classname="specs/the-internet/addRemoveElements.spec.ts" time="0.58">
</testcase>
<testcase name="The Internet – Add/Remove Elements › Remove delete buttons one by one until none remain" classname="specs/the-internet/addRemoveElements.spec.ts" time="1.101">
</testcase>
</testsuite>
<testsuite name="specs/the-internet/checkboxes.spec.ts" timestamp="2025-12-10T14:53:10.305Z" hostname="chromium" tests="1" failures="0" skipped="0" time="0.63" errors="0">
<testcase name="Checkboxes tests – state machine validation › Validate all checkbox state transitions" classname="specs/the-internet/checkboxes.spec.ts" time="0.63">
</testcase>
</testsuite>
<testsuite name="specs/the-internet/dropdown.spec.ts" timestamp="2025-12-10T14:53:10.305Z" hostname="chromium" tests="3" failures="0" skipped="0" time="1.314" errors="0">
<testcase name="The Internet – Dropdown List › Initial state shows placeholder text" classname="specs/the-internet/dropdown.spec.ts" time="0.482">
</testcase>
<testcase name="The Internet – Dropdown List › Selecting Option 1 is preserved" classname="specs/the-internet/dropdown.spec.ts" time="0.439">
</testcase>
<testcase name="The Internet – Dropdown List › Selecting Option 2 is preserved" classname="specs/the-internet/dropdown.spec.ts" time="0.393">
</testcase>
</testsuite>
<testsuite name="specs/the-internet/login.spec.ts" timestamp="2025-12-10T14:53:10.305Z" hostname="chromium" tests="6" failures="0" skipped="0" time="3.98" errors="0">
<testcase name="Login tests › valid login redirects to secure area" classname="specs/the-internet/login.spec.ts" time="0.723">
</testcase>
<testcase name="Login tests › invalid login - invalid username" classname="specs/the-internet/login.spec.ts" time="0.696">
</testcase>
<testcase name="Login tests › invalid login - invalid password" classname="specs/the-internet/login.spec.ts" time="0.696">
</testcase>
<testcase name="Login tests › invalid login - empty username" classname="specs/the-internet/login.spec.ts" time="0.674">
</testcase>
<testcase name="Login tests › invalid login - empty password" classname="specs/the-internet/login.spec.ts" time="0.61">
</testcase>
<testcase name="Login tests › invalid login - both fields empty" classname="specs/the-internet/login.spec.ts" time="0.581">
</testcase>
</testsuite>
<testsuite name="specs/the-internet/logout.spec.ts" timestamp="2025-12-10T14:53:10.305Z" hostname="chromium" tests="1" failures="0" skipped="0" time="0.785" errors="0">
<testcase name="Logout tests › Logout and verify redirect" classname="specs/the-internet/logout.spec.ts" time="0.785">
</testcase>
</testsuite>
</testsuites>