<testsuites id="" name="" tests="11" failures="1" skipped="1" errors="0" time="8.304675999999999">
<testsuite name="specs/diagnostic.spec.ts" timestamp="2025-11-27T17:28:19.818Z" hostname="chromium" tests="3" failures="1" skipped="1" time="0.01" errors="0">
<testcase name="diagnostic: pass" classname="specs/diagnostic.spec.ts" time="0.006">
</testcase>
<testcase name="diagnostic: fail" classname="specs/diagnostic.spec.ts" time="0.004">
<failure message="diagnostic.spec.ts:12:5 diagnostic: fail" type="FAILURE">
<![CDATA[  [chromium] › specs/diagnostic.spec.ts:12:5 › diagnostic: fail ────────────────────────────────────

    Error: expect(received).toBe(expected) // Object.is equality

    Expected: 2
    Received: 1

      11 | // FAIL scenario (real fail)
      12 | test('diagnostic: fail', async () => {
    > 13 |   expect(1).toBe(2);
         |             ^
      14 | });
      15 |
      16 | // SKIP scenario
        at /home/runner/work/playwright-portfolio/playwright-portfolio/tests/specs/diagnostic.spec.ts:13:13
]]>
</failure>
</testcase>
<testcase name="diagnostic: skip" classname="specs/diagnostic.spec.ts" time="0">
<properties>
<property name="skip" value="">
</property>
</properties>
<skipped>
</skipped>
</testcase>
</testsuite>
<testsuite name="specs/login.spec.ts" timestamp="2025-11-27T17:28:19.818Z" hostname="chromium" tests="6" failures="0" skipped="0" time="6.678" errors="0">
<testcase name="Login tests › valid login redirects to secure area" classname="specs/login.spec.ts" time="1.283">
</testcase>
<testcase name="Login tests › invalid login - invalid username" classname="specs/login.spec.ts" time="1.127">
</testcase>
<testcase name="Login tests › invalid login - invalid password" classname="specs/login.spec.ts" time="1.072">
</testcase>
<testcase name="Login tests › invalid login - empty username" classname="specs/login.spec.ts" time="1.082">
</testcase>
<testcase name="Login tests › invalid login - empty password" classname="specs/login.spec.ts" time="1.058">
</testcase>
<testcase name="Login tests › invalid login - both fields empty" classname="specs/login.spec.ts" time="1.056">
</testcase>
</testsuite>
<testsuite name="specs/simpleFormDemo.spec.ts" timestamp="2025-11-27T17:28:19.818Z" hostname="chromium" tests="2" failures="0" skipped="0" time="1.881" errors="0">
<testcase name="Simple Form Demo › Single Input Field: valid text and empty value" classname="specs/simpleFormDemo.spec.ts" time="0.978">
</testcase>
<testcase name="Simple Form Demo › Two Input Fields: numeric validation and sum (randomized)" classname="specs/simpleFormDemo.spec.ts" time="0.903">
</testcase>
</testsuite>
</testsuites>