<testsuites id="" name="" tests="8" failures="0" skipped="0" errors="0" time="10.795924">
<testsuite name="specs\login.spec.ts" timestamp="2025-11-27T16:17:16.647Z" hostname="chromium" tests="6" failures="0" skipped="0" time="9.156" errors="0">
<testcase name="Login tests › valid login redirects to secure area" classname="specs\login.spec.ts" time="4.124">
</testcase>
<testcase name="Login tests › invalid login - invalid username" classname="specs\login.spec.ts" time="1.242">
</testcase>
<testcase name="Login tests › invalid login - invalid password" classname="specs\login.spec.ts" time="0.949">
</testcase>
<testcase name="Login tests › invalid login - empty username" classname="specs\login.spec.ts" time="0.977">
</testcase>
<testcase name="Login tests › invalid login - empty password" classname="specs\login.spec.ts" time="0.939">
</testcase>
<testcase name="Login tests › invalid login - both fields empty" classname="specs\login.spec.ts" time="0.925">
</testcase>
</testsuite>
<testsuite name="specs\simpleFormDemo.spec.ts" timestamp="2025-11-27T16:17:16.647Z" hostname="chromium" tests="2" failures="0" skipped="0" time="5.083" errors="0">
<testcase name="Simple Form Demo › Single Input Field: valid text and empty value" classname="specs\simpleFormDemo.spec.ts" time="3.962">
</testcase>
<testcase name="Simple Form Demo › Two Input Fields: numeric validation and sum (randomized)" classname="specs\simpleFormDemo.spec.ts" time="1.121">
</testcase>
</testsuite>
</testsuites>