<testsuites id="" name="" tests="8" failures="0" skipped="0" errors="0" time="43.162924999999994">
<testsuite name="specs\login.spec.ts" timestamp="2025-11-27T15:54:15.478Z" hostname="edge" tests="6" failures="0" skipped="0" time="10.898" errors="0">
<testcase name="Login tests › valid login redirects to secure area" classname="specs\login.spec.ts" time="4.804">
</testcase>
<testcase name="Login tests › invalid login - invalid username" classname="specs\login.spec.ts" time="1.756">
</testcase>
<testcase name="Login tests › invalid login - invalid password" classname="specs\login.spec.ts" time="1.133">
</testcase>
<testcase name="Login tests › invalid login - empty username" classname="specs\login.spec.ts" time="1.08">
</testcase>
<testcase name="Login tests › invalid login - empty password" classname="specs\login.spec.ts" time="1.06">
</testcase>
<testcase name="Login tests › invalid login - both fields empty" classname="specs\login.spec.ts" time="1.065">
</testcase>
</testsuite>
<testsuite name="specs\simpleFormDemo.spec.ts" timestamp="2025-11-27T15:54:15.478Z" hostname="edge" tests="2" failures="0" skipped="0" time="6.776" errors="0">
<testcase name="Simple Form Demo › Single Input Field: valid text and empty value" classname="specs\simpleFormDemo.spec.ts" time="4.283">
</testcase>
<testcase name="Simple Form Demo › Two Input Fields: numeric validation and sum (randomized)" classname="specs\simpleFormDemo.spec.ts" time="2.493">
</testcase>
</testsuite>
</testsuites>