<testsuites id="" name="" tests="11" failures="2" skipped="1" errors="0" time="43.096045000000004">
<testsuite name="specs/diagnostic.spec.ts" timestamp="2025-11-27T17:28:16.893Z" hostname="webkit" tests="3" failures="1" skipped="1" time="0.011" errors="0">
<testcase name="diagnostic: pass" classname="specs/diagnostic.spec.ts" time="0.007">
</testcase>
<testcase name="diagnostic: fail" classname="specs/diagnostic.spec.ts" time="0.004">
<failure message="diagnostic.spec.ts:12:5 diagnostic: fail" type="FAILURE">
<![CDATA[  [webkit] › specs/diagnostic.spec.ts:12:5 › diagnostic: fail ──────────────────────────────────────

    Error: expect(received).toBe(expected) // Object.is equality

    Expected: 2
    Received: 1

      11 | // FAIL scenario (real fail)
      12 | test('diagnostic: fail', async () => {
    > 13 |   expect(1).toBe(2);
         |             ^
      14 | });
      15 |
      16 | // SKIP scenario
        at /home/runner/work/playwright-portfolio/playwright-portfolio/tests/specs/diagnostic.spec.ts:13:13
]]>
</failure>
</testcase>
<testcase name="diagnostic: skip" classname="specs/diagnostic.spec.ts" time="0">
<properties>
<property name="skip" value="">
</property>
</properties>
<skipped>
</skipped>
</testcase>
</testsuite>
<testsuite name="specs/login.spec.ts" timestamp="2025-11-27T17:28:16.893Z" hostname="webkit" tests="6" failures="1" skipped="0" time="41.035" errors="0">
<testcase name="Login tests › valid login redirects to secure area" classname="specs/login.spec.ts" time="32.06">
<failure message="login.spec.ts:17:7 valid login redirects to secure area" type="FAILURE">
<![CDATA[  [webkit] › specs/login.spec.ts:17:7 › Login tests › valid login redirects to secure area ─────────

    Test timeout of 30000ms exceeded.

    Error: page.waitForLoadState: Test timeout of 30000ms exceeded.

       at ../src/pages/login.page.ts:37

      35 |     await this.page.goto('/login');
      36 |     await this.page.waitForLoadState("domcontentloaded");
    > 37 |     await this.page.waitForLoadState("networkidle");
         |                     ^
      38 |   }
      39 |
      40 |
        at LoginPage.goto (/home/runner/work/playwright-portfolio/playwright-portfolio/src/pages/login.page.ts:37:21)
        at /home/runner/work/playwright-portfolio/playwright-portfolio/tests/specs/login.spec.ts:19:5

    attachment #1: screenshot (image/png) ──────────────────────────────────────────────────────────
    ../test-results/specs-login-Login-tests-valid-login-redirects-to-secure-area-webkit/test-failed-1.png
    ────────────────────────────────────────────────────────────────────────────────────────────────

    attachment #2: video (video/webm) ──────────────────────────────────────────────────────────────
    ../test-results/specs-login-Login-tests-valid-login-redirects-to-secure-area-webkit/video.webm
    ────────────────────────────────────────────────────────────────────────────────────────────────

    Error Context: ../test-results/specs-login-Login-tests-valid-login-redirects-to-secure-area-webkit/error-context.md
]]>
</failure>
<system-out>
<![CDATA[
[[ATTACHMENT|../test-results/specs-login-Login-tests-valid-login-redirects-to-secure-area-webkit/test-failed-1.png]]

[[ATTACHMENT|../test-results/specs-login-Login-tests-valid-login-redirects-to-secure-area-webkit/video.webm]]

[[ATTACHMENT|../test-results/specs-login-Login-tests-valid-login-redirects-to-secure-area-webkit/error-context.md]]
]]>
</system-out>
</testcase>
<testcase name="Login tests › invalid login - invalid username" classname="specs/login.spec.ts" time="1.771">
</testcase>
<testcase name="Login tests › invalid login - invalid password" classname="specs/login.spec.ts" time="1.845">
</testcase>
<testcase name="Login tests › invalid login - empty username" classname="specs/login.spec.ts" time="1.866">
</testcase>
<testcase name="Login tests › invalid login - empty password" classname="specs/login.spec.ts" time="1.735">
</testcase>
<testcase name="Login tests › invalid login - both fields empty" classname="specs/login.spec.ts" time="1.758">
</testcase>
</testsuite>
<testsuite name="specs/simpleFormDemo.spec.ts" timestamp="2025-11-27T17:28:16.893Z" hostname="webkit" tests="2" failures="0" skipped="0" time="7.789" errors="0">
<testcase name="Simple Form Demo › Single Input Field: valid text and empty value" classname="specs/simpleFormDemo.spec.ts" time="4.324">
</testcase>
<testcase name="Simple Form Demo › Two Input Fields: numeric validation and sum (randomized)" classname="specs/simpleFormDemo.spec.ts" time="3.465">
</testcase>
</testsuite>
</testsuites>