<testsuites id="" name="" tests="8" failures="0" skipped="0" errors="0" time="19.807818">
<testsuite name="specs/login.spec.ts" timestamp="2025-11-26T13:40:07.669Z" hostname="webkit" tests="6" failures="0" skipped="0" time="17.294" errors="0">
<testcase name="Login tests › valid login redirects to secure area" classname="specs/login.spec.ts" time="6.285">
</testcase>
<testcase name="Login tests › invalid login - invalid username" classname="specs/login.spec.ts" time="2.653">
</testcase>
<testcase name="Login tests › invalid login - invalid password" classname="specs/login.spec.ts" time="2.137">
</testcase>
<testcase name="Login tests › invalid login - empty username" classname="specs/login.spec.ts" time="2.081">
</testcase>
<testcase name="Login tests › invalid login - empty password" classname="specs/login.spec.ts" time="2.023">
</testcase>
<testcase name="Login tests › invalid login - both fields empty" classname="specs/login.spec.ts" time="2.115">
</testcase>
</testsuite>
<testsuite name="specs/simpleFormDemo.spec.ts" timestamp="2025-11-26T13:40:07.669Z" hostname="webkit" tests="2" failures="0" skipped="0" time="10.385" errors="0">
<testcase name="Simple Form Demo › Single Input Field: valid text and empty value" classname="specs/simpleFormDemo.spec.ts" time="7.147">
</testcase>
<testcase name="Simple Form Demo › Two Input Fields: numeric validation and sum (randomized)" classname="specs/simpleFormDemo.spec.ts" time="3.238">
</testcase>
</testsuite>
</testsuites>