<testsuites id="" name="" tests="72" failures="0" skipped="5" errors="0" time="60.124252">
<testsuite name="specs/lambdatest/bootstrapModals.spec.ts" timestamp="2025-12-17T17:53:42.417Z" hostname="chromium" tests="3" failures="0" skipped="3" time="1.215" errors="0">
<testcase name="Bootstrap Modal – Windows Chromium only › open modal and verify visibility" classname="specs/lambdatest/bootstrapModals.spec.ts" time="0.739">
<properties>
<property name="skip" value="Windows + Chromium only">
</property>
</properties>
<skipped>
</skipped>
</testcase>
<testcase name="Bootstrap Modal – Windows Chromium only › close modal with Close button" classname="specs/lambdatest/bootstrapModals.spec.ts" time="0.212">
<properties>
<property name="skip" value="Windows + Chromium only">
</property>
</properties>
<skipped>
</skipped>
</testcase>
<testcase name="Bootstrap Modal – Windows Chromium only › close modal with Save changes" classname="specs/lambdatest/bootstrapModals.spec.ts" time="0.264">
<properties>
<property name="skip" value="Windows + Chromium only">
</property>
</properties>
<skipped>
</skipped>
</testcase>
</testsuite>
<testsuite name="specs/lambdatest/checkboxDemo.spec.ts" timestamp="2025-12-17T17:53:42.417Z" hostname="chromium" tests="3" failures="0" skipped="0" time="6.405" errors="0">
<testcase name="Lambdatest Checkbox Demo › Single checkbox displays the correct message" classname="specs/lambdatest/checkboxDemo.spec.ts" time="3.598">
</testcase>
<testcase name="Lambdatest Checkbox Demo › Disabled checkbox demo behaves correctly" classname="specs/lambdatest/checkboxDemo.spec.ts" time="1.7">
</testcase>
<testcase name="Lambdatest Checkbox Demo › Check All toggles all multiple checkbox options" classname="specs/lambdatest/checkboxDemo.spec.ts" time="1.107">
</testcase>
</testsuite>
<testsuite name="specs/lambdatest/inputFormDemo.errors.email.spec.ts" timestamp="2025-12-17T17:53:42.417Z" hostname="chromium" tests="7" failures="0" skipped="0" time="21.269" errors="0">
<testcase name="LambdaTest – Input Form Demo – Native HTML5 email validation › Email invalid – simple text" classname="specs/lambdatest/inputFormDemo.errors.email.spec.ts" time="2.602">
</testcase>
<testcase name="LambdaTest – Input Form Demo – Native HTML5 email validation › Email invalid – name with at sign" classname="specs/lambdatest/inputFormDemo.errors.email.spec.ts" time="3.237">
</testcase>
<testcase name="LambdaTest – Input Form Demo – Native HTML5 email validation › Email invalid – name at dot com" classname="specs/lambdatest/inputFormDemo.errors.email.spec.ts" time="1.484">
</testcase>
<testcase name="LambdaTest – Input Form Demo – Native HTML5 email validation › Email invalid – missing local part" classname="specs/lambdatest/inputFormDemo.errors.email.spec.ts" time="3.214">
</testcase>
<testcase name="LambdaTest – Input Form Demo – Native HTML5 email validation › Email invalid – double at sign" classname="specs/lambdatest/inputFormDemo.errors.email.spec.ts" time="2.743">
</testcase>
<testcase name="LambdaTest – Input Form Demo – Native HTML5 email validation › Email invalid – double dot in domain" classname="specs/lambdatest/inputFormDemo.errors.email.spec.ts" time="4.78">
</testcase>
<testcase name="LambdaTest – Input Form Demo – Native HTML5 email validation › Valid email passes HTML5 validation" classname="specs/lambdatest/inputFormDemo.errors.email.spec.ts" time="3.209">
</testcase>
</testsuite>
<testsuite name="specs/lambdatest/inputFormDemo.errors.order.spec.ts" timestamp="2025-12-17T17:53:42.417Z" hostname="chromium" tests="4" failures="0" skipped="0" time="11.722" errors="0">
<testcase name="LambdaTest – Input Form Demo – Required fields order validation › Empty submit shows error on first required field (Name)" classname="specs/lambdatest/inputFormDemo.errors.order.spec.ts" time="3.121">
</testcase>
<testcase name="LambdaTest – Input Form Demo – Required fields order validation › Correcting Name moves error to Email" classname="specs/lambdatest/inputFormDemo.errors.order.spec.ts" time="2.09">
</testcase>
<testcase name="LambdaTest – Input Form Demo – Required fields order validation › Correcting Name + Email moves error to Password" classname="specs/lambdatest/inputFormDemo.errors.order.spec.ts" time="2.34">
</testcase>
<testcase name="LambdaTest – Input Form Demo – Required fields order validation › Fixing an invalid field makes it valid on next submit" classname="specs/lambdatest/inputFormDemo.errors.order.spec.ts" time="4.171">
</testcase>
</testsuite>
<testsuite name="specs/lambdatest/inputFormDemo.requiredFields.spec.ts" timestamp="2025-12-17T17:53:42.417Z" hostname="chromium" tests="10" failures="0" skipped="0" time="24.593" errors="0">
<testcase name="LambdaTest – Input Form Demo – Required fields › Name is required" classname="specs/lambdatest/inputFormDemo.requiredFields.spec.ts" time="2.303">
</testcase>
<testcase name="LambdaTest – Input Form Demo – Required fields › Email is required" classname="specs/lambdatest/inputFormDemo.requiredFields.spec.ts" time="1.447">
</testcase>
<testcase name="LambdaTest – Input Form Demo – Required fields › Password is required" classname="specs/lambdatest/inputFormDemo.requiredFields.spec.ts" time="1.908">
</testcase>
<testcase name="LambdaTest – Input Form Demo – Required fields › Company is required" classname="specs/lambdatest/inputFormDemo.requiredFields.spec.ts" time="2.545">
</testcase>
<testcase name="LambdaTest – Input Form Demo – Required fields › Website is required" classname="specs/lambdatest/inputFormDemo.requiredFields.spec.ts" time="1.653">
</testcase>
<testcase name="LambdaTest – Input Form Demo – Required fields › City is required" classname="specs/lambdatest/inputFormDemo.requiredFields.spec.ts" time="2.427">
</testcase>
<testcase name="LambdaTest – Input Form Demo – Required fields › Address1 is required" classname="specs/lambdatest/inputFormDemo.requiredFields.spec.ts" time="2.335">
</testcase>
<testcase name="LambdaTest – Input Form Demo – Required fields › Address2 is required" classname="specs/lambdatest/inputFormDemo.requiredFields.spec.ts" time="3.78">
</testcase>
<testcase name="LambdaTest – Input Form Demo – Required fields › State is required" classname="specs/lambdatest/inputFormDemo.requiredFields.spec.ts" time="3.053">
</testcase>
<testcase name="LambdaTest – Input Form Demo – Required fields › Zip is required" classname="specs/lambdatest/inputFormDemo.requiredFields.spec.ts" time="3.142">
</testcase>
</testsuite>
<testsuite name="specs/lambdatest/inputFormDemo.rules.spec.ts" timestamp="2025-12-17T17:53:42.417Z" hostname="chromium" tests="10" failures="0" skipped="0" time="18.415" errors="0">
<testcase name="LambdaTest – Input Form Demo – Business rules › Name accepts any non-empty string" classname="specs/lambdatest/inputFormDemo.rules.spec.ts" time="1.03">
</testcase>
<testcase name="LambdaTest – Input Form Demo – Business rules › Email must follow HTML5 format rules" classname="specs/lambdatest/inputFormDemo.rules.spec.ts" time="1.629">
</testcase>
<testcase name="LambdaTest – Input Form Demo – Business rules › Password accepts any non-empty string" classname="specs/lambdatest/inputFormDemo.rules.spec.ts" time="1.317">
</testcase>
<testcase name="LambdaTest – Input Form Demo – Business rules › Company accepts any non-empty string" classname="specs/lambdatest/inputFormDemo.rules.spec.ts" time="1.094">
</testcase>
<testcase name="LambdaTest – Input Form Demo – Business rules › Website accepts any non-empty string" classname="specs/lambdatest/inputFormDemo.rules.spec.ts" time="2.118">
</testcase>
<testcase name="LambdaTest – Input Form Demo – Business rules › Country is optional and any selected value is valid" classname="specs/lambdatest/inputFormDemo.rules.spec.ts" time="3.733">
</testcase>
<testcase name="LambdaTest – Input Form Demo – Business rules › City accepts any non-empty string (required)" classname="specs/lambdatest/inputFormDemo.rules.spec.ts" time="1.135">
</testcase>
<testcase name="LambdaTest – Input Form Demo – Business rules › Address1 and Address2 accept any non-empty string (required)" classname="specs/lambdatest/inputFormDemo.rules.spec.ts" time="2.985">
</testcase>
<testcase name="LambdaTest – Input Form Demo – Business rules › State accepts any non-empty string (required)" classname="specs/lambdatest/inputFormDemo.rules.spec.ts" time="1.242">
</testcase>
<testcase name="LambdaTest – Input Form Demo – Business rules › Zip accepts any non-empty string (required, no pattern)" classname="specs/lambdatest/inputFormDemo.rules.spec.ts" time="2.132">
</testcase>
</testsuite>
<testsuite name="specs/lambdatest/inputFormDemo.spec.ts" timestamp="2025-12-17T17:53:42.417Z" hostname="chromium" tests="1" failures="0" skipped="0" time="2.759" errors="0">
<testcase name="LambdaTest – Input Form Demo › Submit full form successfully (happy path)" classname="specs/lambdatest/inputFormDemo.spec.ts" time="2.759">
</testcase>
</testsuite>
<testsuite name="specs/lambdatest/radioButtonDemo.spec.ts" timestamp="2025-12-17T17:53:42.417Z" hostname="chromium" tests="3" failures="0" skipped="0" time="6.661" errors="0">
<testcase name="LambdaTest – Radio Button Demo › Test 1 – Get selected value" classname="specs/lambdatest/radioButtonDemo.spec.ts" time="2.377">
</testcase>
<testcase name="LambdaTest – Radio Button Demo › Test 2 – Disabled radio button behavior" classname="specs/lambdatest/radioButtonDemo.spec.ts" time="2.363">
</testcase>
<testcase name="LambdaTest – Radio Button Demo › Test 3 – Random selection for gender and age" classname="specs/lambdatest/radioButtonDemo.spec.ts" time="1.921">
</testcase>
</testsuite>
<testsuite name="specs/lambdatest/selectDropdown.spec.ts" timestamp="2025-12-17T17:53:42.417Z" hostname="chromium" tests="2" failures="0" skipped="2" time="0" errors="0">
<testcase name="Lambdatest – Select Dropdown Demo › Select multiple options then verify full list and first selected" classname="specs/lambdatest/selectDropdown.spec.ts" time="0">
<properties>
<property name="skip" value="Chromium on macOS does not support multi-select behavior in headless mode.">
</property>
</properties>
<skipped>
</skipped>
</testcase>
<testcase name="Lambdatest – Select Dropdown Demo › Select multiple options then verify first selected then full list" classname="specs/lambdatest/selectDropdown.spec.ts" time="0">
<properties>
<property name="skip" value="Chromium on macOS does not support multi-select behavior in headless mode.">
</property>
</properties>
<skipped>
</skipped>
</testcase>
</testsuite>
<testsuite name="specs/lambdatest/simpleFormDemo.spec.ts" timestamp="2025-12-17T17:53:42.417Z" hostname="chromium" tests="8" failures="0" skipped="0" time="8.986" errors="0">
<testcase name="Simple Form Demo › Single Input Field" classname="specs/lambdatest/simpleFormDemo.spec.ts" time="0.981">
</testcase>
<testcase name="Simple Form Demo › Two Input Fields - valid random numbers" classname="specs/lambdatest/simpleFormDemo.spec.ts" time="1.029">
</testcase>
<testcase name="Simple Form Demo › Two Input Fields - invalid first value" classname="specs/lambdatest/simpleFormDemo.spec.ts" time="2.17">
</testcase>
<testcase name="Simple Form Demo › Two Input Fields - invalid second value" classname="specs/lambdatest/simpleFormDemo.spec.ts" time="0.765">
</testcase>
<testcase name="Simple Form Demo › Two Input Fields - both invalid" classname="specs/lambdatest/simpleFormDemo.spec.ts" time="1.324">
</testcase>
<testcase name="Simple Form Demo › Two Input Fields - empty first value" classname="specs/lambdatest/simpleFormDemo.spec.ts" time="0.796">
</testcase>
<testcase name="Simple Form Demo › Two Input Fields - empty second value" classname="specs/lambdatest/simpleFormDemo.spec.ts" time="1.092">
</testcase>
<testcase name="Simple Form Demo › Two Input Fields - both empty" classname="specs/lambdatest/simpleFormDemo.spec.ts" time="0.829">
</testcase>
</testsuite>
<testsuite name="specs/lambdatest/sliders.spec.ts" timestamp="2025-12-17T17:53:42.417Z" hostname="chromium" tests="1" failures="0" skipped="0" time="1.309" errors="0">
<testcase name="Drag &amp; Drop Sliders › move default value 25 slider to 95 and verify" classname="specs/lambdatest/sliders.spec.ts" time="1.309">
</testcase>
</testsuite>
<testsuite name="specs/the-internet/addRemoveElements.spec.ts" timestamp="2025-12-17T17:53:42.417Z" hostname="chromium" tests="3" failures="0" skipped="0" time="2.353" errors="0">
<testcase name="The Internet – Add/Remove Elements › Initial state contains no delete buttons" classname="specs/the-internet/addRemoveElements.spec.ts" time="0.382">
</testcase>
<testcase name="The Internet – Add/Remove Elements › Add multiple delete buttons (random between 3 and 10)" classname="specs/the-internet/addRemoveElements.spec.ts" time="0.842">
</testcase>
<testcase name="The Internet – Add/Remove Elements › Remove delete buttons one by one until none remain" classname="specs/the-internet/addRemoveElements.spec.ts" time="1.129">
</testcase>
</testsuite>
<testsuite name="specs/the-internet/checkboxes.spec.ts" timestamp="2025-12-17T17:53:42.417Z" hostname="chromium" tests="1" failures="0" skipped="0" time="0.87" errors="0">
<testcase name="Checkboxes tests – state machine validation › Validate all checkbox state transitions" classname="specs/the-internet/checkboxes.spec.ts" time="0.87">
</testcase>
</testsuite>
<testsuite name="specs/the-internet/dropdown.spec.ts" timestamp="2025-12-17T17:53:42.417Z" hostname="chromium" tests="3" failures="0" skipped="0" time="0.955" errors="0">
<testcase name="The Internet – Dropdown List › Initial state shows placeholder text" classname="specs/the-internet/dropdown.spec.ts" time="0.264">
</testcase>
<testcase name="The Internet – Dropdown List › Selecting Option 1 is preserved" classname="specs/the-internet/dropdown.spec.ts" time="0.266">
</testcase>
<testcase name="The Internet – Dropdown List › Selecting Option 2 is preserved" classname="specs/the-internet/dropdown.spec.ts" time="0.425">
</testcase>
</testsuite>
<testsuite name="specs/the-internet/jsAlerts.spec.ts" timestamp="2025-12-17T17:53:42.417Z" hostname="chromium" tests="6" failures="0" skipped="0" time="3.297" errors="0">
<testcase name="JS Alert › accept alert" classname="specs/the-internet/jsAlerts.spec.ts" time="0.609">
</testcase>
<testcase name="JS Confirm › accept confirm" classname="specs/the-internet/jsAlerts.spec.ts" time="0.651">
</testcase>
<testcase name="JS Confirm › dismiss confirm" classname="specs/the-internet/jsAlerts.spec.ts" time="0.597">
</testcase>
<testcase name="JS Prompt › dismiss prompt returns null" classname="specs/the-internet/jsAlerts.spec.ts" time="0.459">
</testcase>
<testcase name="JS Prompt › accept empty input" classname="specs/the-internet/jsAlerts.spec.ts" time="0.566">
</testcase>
<testcase name="JS Prompt › accept custom text" classname="specs/the-internet/jsAlerts.spec.ts" time="0.415">
</testcase>
</testsuite>
<testsuite name="specs/the-internet/login.spec.ts" timestamp="2025-12-17T17:53:42.417Z" hostname="chromium" tests="6" failures="0" skipped="0" time="3.819" errors="0">
<testcase name="Login tests › valid login redirects to secure area" classname="specs/the-internet/login.spec.ts" time="0.594">
</testcase>
<testcase name="Login tests › invalid login - invalid username" classname="specs/the-internet/login.spec.ts" time="0.52">
</testcase>
<testcase name="Login tests › invalid login - invalid password" classname="specs/the-internet/login.spec.ts" time="0.638">
</testcase>
<testcase name="Login tests › invalid login - empty username" classname="specs/the-internet/login.spec.ts" time="0.74">
</testcase>
<testcase name="Login tests › invalid login - empty password" classname="specs/the-internet/login.spec.ts" time="0.689">
</testcase>
<testcase name="Login tests › invalid login - both fields empty" classname="specs/the-internet/login.spec.ts" time="0.638">
</testcase>
</testsuite>
<testsuite name="specs/the-internet/logout.spec.ts" timestamp="2025-12-17T17:53:42.417Z" hostname="chromium" tests="1" failures="0" skipped="0" time="0.74" errors="0">
<testcase name="Logout tests › Logout and verify redirect" classname="specs/the-internet/logout.spec.ts" time="0.74">
</testcase>
</testsuite>
</testsuites>